[2014-04-29 08:48:55] INFO - Running task uptime on mabook.com
[2014-04-29 08:48:55] INFO - Connecting to mabook.com:22 (sng2c)
[2014-04-29 08:48:55] INFO - Connected to mabook.com, trying to authenticate.
[2014-04-29 08:48:56] INFO - Successfully authenticated on mabook.com.
[2014-04-29 08:48:56] INFO - Exiting Rex...
[2014-04-29 08:48:56] INFO - Cleaning up...
[2014-04-29 08:50:21] DEBUG - Registering task: Rex::CLI::uptime
[2014-04-29 08:50:21] DEBUG - Creating new distribution class of type: Base
[2014-04-29 08:50:21] DEBUG - new distribution class of type Rex::TaskList::Base created.
[2014-04-29 08:50:21] DEBUG - Creating task: uptime
[2014-04-29 08:50:21] DEBUG - Registering task: Rex::CLI::setup_redis
[2014-04-29 08:50:21] DEBUG - Returning existing distribution class of type: Rex::TaskList::Base
[2014-04-29 08:50:21] DEBUG - Creating task: setup_redis
[2014-04-29 08:50:21] DEBUG - eval your Rexfile.
[2014-04-29 08:50:21] DEBUG - Initializing Logger from parameters found in Rexfile
[2014-04-29 08:50:21] DEBUG - Returning existing distribution class of type: Rex::TaskList::Base
[2014-04-29 08:50:21] DEBUG - Running task: uptime
[2014-04-29 08:50:21] DEBUG - Returning existing distribution class of type: Rex::TaskList::Base
[2014-04-29 08:50:21] INFO - Running task uptime on mabook.com
[2014-04-29 08:50:21] DEBUG - $VAR1 = '';

[2014-04-29 08:50:21] DEBUG - $VAR1 = {
          'password' => undef,
          'sudo_password' => '',
          'auth_type' => 'key',
          'user' => 'sng2c',
          'private_key' => '/Users/sng2c/.ssh/id_rsa',
          'public_key' => '/Users/sng2c/.ssh/id_rsa.pub',
          'sudo' => 0
        };

[2014-04-29 08:50:21] DEBUG - Using Net::SSH2 for connection
[2014-04-29 08:50:21] DEBUG - Using user: sng2c
[2014-04-29 08:50:21] DEBUG - Using password: <no password>
[2014-04-29 08:50:21] INFO - Connecting to mabook.com:22 (sng2c)
[2014-04-29 08:50:21] DEBUG - Current Error-Code: 0
[2014-04-29 08:50:21] INFO - Connected to mabook.com, trying to authenticate.
[2014-04-29 08:50:21] DEBUG - Using key authentication.
[2014-04-29 08:50:22] INFO - Successfully authenticated on mabook.com.
[2014-04-29 08:50:22] DEBUG - Executing: which perl
[2014-04-29 08:50:22] DEBUG - Shell/Bash: Got options:
[2014-04-29 08:50:22] DEBUG - $VAR1 = {};

[2014-04-29 08:50:22] DEBUG - SSH/executing: LC_ALL=C ; export LC_ALL; which perl 
[2014-04-29 08:50:22] DEBUG - /usr/bin/perl

[2014-04-29 08:50:22] DEBUG - Executing uptime
[2014-04-29 08:50:22] DEBUG - Executing: uptime
[2014-04-29 08:50:22] DEBUG - Shell/Bash: Got options:
[2014-04-29 08:50:22] DEBUG - $VAR1 = {};

[2014-04-29 08:50:22] DEBUG - SSH/executing: LC_ALL=C ; export LC_ALL; PATH=/bin:/sbin:/usr/bin:/usr/sbin:/usr/local/bin:/usr/local/sbin:/usr/pkg/bin:/usr/pkg/sbin; export PATH; uptime  
[2014-04-29 08:50:22] DEBUG -  08:50:22 up  5:54,  1 user,  load average: 0.00, 0.01, 0.05

[2014-04-29 08:50:22] DEBUG - Running postponed notifications.
[2014-04-29 08:50:22] DEBUG - Connections in queue: 1
[2014-04-29 08:50:22] DEBUG - Destroying all cached os information
[2014-04-29 08:50:23] DEBUG - Waiting for children to finish
[2014-04-29 08:50:23] DEBUG - Need to reinitialize connections.
[2014-04-29 08:50:23] DEBUG - Removing lockfile
[2014-04-29 08:50:23] INFO - Exiting Rex...
[2014-04-29 08:50:23] INFO - Cleaning up...
[2014-04-29 08:50:31] DEBUG - Registering task: Rex::CLI::uptime
[2014-04-29 08:50:31] DEBUG - Creating new distribution class of type: Base
[2014-04-29 08:50:31] DEBUG - new distribution class of type Rex::TaskList::Base created.
[2014-04-29 08:50:31] DEBUG - Creating task: uptime
[2014-04-29 08:50:31] DEBUG - Registering task: Rex::CLI::setup_redis
[2014-04-29 08:50:31] DEBUG - Returning existing distribution class of type: Rex::TaskList::Base
[2014-04-29 08:50:31] DEBUG - Creating task: setup_redis
[2014-04-29 08:50:31] DEBUG - eval your Rexfile.
[2014-04-29 08:50:31] DEBUG - Initializing Logger from parameters found in Rexfile
[2014-04-29 08:50:31] DEBUG - Returning existing distribution class of type: Rex::TaskList::Base
[2014-04-29 08:50:31] DEBUG - Running task: setup_redis
[2014-04-29 08:50:31] DEBUG - Returning existing distribution class of type: Rex::TaskList::Base
[2014-04-29 08:50:31] INFO - Running task setup_redis on mabook.com
[2014-04-29 08:50:31] DEBUG - $VAR1 = '';

[2014-04-29 08:50:31] DEBUG - $VAR1 = {
          'password' => undef,
          'sudo_password' => '',
          'auth_type' => 'key',
          'user' => 'sng2c',
          'private_key' => '/Users/sng2c/.ssh/id_rsa',
          'public_key' => '/Users/sng2c/.ssh/id_rsa.pub',
          'sudo' => 0
        };

[2014-04-29 08:50:31] DEBUG - Using Net::SSH2 for connection
[2014-04-29 08:50:31] DEBUG - Using user: sng2c
[2014-04-29 08:50:31] DEBUG - Using password: <no password>
[2014-04-29 08:50:31] INFO - Connecting to mabook.com:22 (sng2c)
[2014-04-29 08:50:31] DEBUG - Current Error-Code: 0
[2014-04-29 08:50:31] INFO - Connected to mabook.com, trying to authenticate.
[2014-04-29 08:50:31] DEBUG - Using key authentication.
[2014-04-29 08:50:32] INFO - Successfully authenticated on mabook.com.
[2014-04-29 08:50:32] DEBUG - Executing: which perl
[2014-04-29 08:50:32] DEBUG - Shell/Bash: Got options:
[2014-04-29 08:50:32] DEBUG - $VAR1 = {};

[2014-04-29 08:50:32] DEBUG - SSH/executing: LC_ALL=C ; export LC_ALL; which perl 
[2014-04-29 08:50:32] DEBUG - /usr/bin/perl

[2014-04-29 08:50:32] DEBUG - Executing setup_redis
[2014-04-29 08:50:32] DEBUG - Executing: which lsb_release
[2014-04-29 08:50:32] DEBUG - Shell/Bash: Got options:
[2014-04-29 08:50:32] DEBUG - $VAR1 = {};

[2014-04-29 08:50:32] DEBUG - SSH/executing: LC_ALL=C ; export LC_ALL; PATH=/bin:/sbin:/usr/bin:/usr/sbin:/usr/local/bin:/usr/local/sbin:/usr/pkg/bin:/usr/pkg/sbin; export PATH; which lsb_release  
[2014-04-29 08:50:32] DEBUG - /usr/bin/lsb_release

[2014-04-29 08:50:32] DEBUG - Executing: lsb_release -s -i
[2014-04-29 08:50:32] DEBUG - Shell/Bash: Got options:
[2014-04-29 08:50:32] DEBUG - $VAR1 = {};

[2014-04-29 08:50:32] DEBUG - SSH/executing: LC_ALL=C ; export LC_ALL; PATH=/bin:/sbin:/usr/bin:/usr/sbin:/usr/local/bin:/usr/local/sbin:/usr/pkg/bin:/usr/pkg/sbin; export PATH; lsb_release -s -i  
[2014-04-29 08:50:32] DEBUG - Ubuntu

[2014-04-29 08:50:32] DEBUG - Executing: which dmidecode
[2014-04-29 08:50:32] DEBUG - Shell/Bash: Got options:
[2014-04-29 08:50:32] DEBUG - $VAR1 = {};

[2014-04-29 08:50:32] DEBUG - SSH/executing: LC_ALL=C ; export LC_ALL; PATH=/bin:/sbin:/usr/bin:/usr/sbin:/usr/local/bin:/usr/local/sbin:/usr/pkg/bin:/usr/pkg/sbin; export PATH; which dmidecode  
[2014-04-29 08:50:33] DEBUG - /usr/sbin/dmidecode

[2014-04-29 08:50:33] DEBUG - Executing: /usr/sbin/dmidecode
[2014-04-29 08:50:33] DEBUG - Shell/Bash: Got options:
[2014-04-29 08:50:33] DEBUG - $VAR1 = {};

[2014-04-29 08:50:33] DEBUG - SSH/executing: LC_ALL=C ; export LC_ALL; PATH=/bin:/sbin:/usr/bin:/usr/sbin:/usr/local/bin:/usr/local/sbin:/usr/pkg/bin:/usr/pkg/sbin; export PATH; /usr/sbin/dmidecode  
[2014-04-29 08:50:33] DEBUG - # dmidecode 2.11
/dev/mem: Permission denied

[2014-04-29 08:50:33] DEBUG - Please install dmidecode on the target system.
[2014-04-29 08:50:33] DEBUG - Executing: which lsb_release
[2014-04-29 08:50:33] DEBUG - Shell/Bash: Got options:
[2014-04-29 08:50:33] DEBUG - $VAR1 = {};

[2014-04-29 08:50:33] DEBUG - SSH/executing: LC_ALL=C ; export LC_ALL; PATH=/bin:/sbin:/usr/bin:/usr/sbin:/usr/local/bin:/usr/local/sbin:/usr/pkg/bin:/usr/pkg/sbin; export PATH; which lsb_release  
[2014-04-29 08:50:33] DEBUG - /usr/bin/lsb_release

[2014-04-29 08:50:33] DEBUG - Executing: lsb_release -s -i
[2014-04-29 08:50:33] DEBUG - Shell/Bash: Got options:
[2014-04-29 08:50:33] DEBUG - $VAR1 = {};

[2014-04-29 08:50:33] DEBUG - SSH/executing: LC_ALL=C ; export LC_ALL; PATH=/bin:/sbin:/usr/bin:/usr/sbin:/usr/local/bin:/usr/local/sbin:/usr/pkg/bin:/usr/pkg/sbin; export PATH; lsb_release -s -i  
[2014-04-29 08:50:33] DEBUG - Ubuntu

[2014-04-29 08:50:33] DEBUG - Executing: hostname -f 2>/dev/null
[2014-04-29 08:50:33] DEBUG - Shell/Bash: Got options:
[2014-04-29 08:50:33] DEBUG - $VAR1 = {};

[2014-04-29 08:50:33] DEBUG - SSH/executing: LC_ALL=C ; export LC_ALL; PATH=/bin:/sbin:/usr/bin:/usr/sbin:/usr/local/bin:/usr/local/sbin:/usr/pkg/bin:/usr/pkg/sbin; export PATH; hostname -f 2>/dev/null  
[2014-04-29 08:50:33] DEBUG - sng2c.vps.phps.kr

[2014-04-29 08:50:33] DEBUG - Executing: hostname -f 2>/dev/null
[2014-04-29 08:50:33] DEBUG - Shell/Bash: Got options:
[2014-04-29 08:50:33] DEBUG - $VAR1 = {};

[2014-04-29 08:50:33] DEBUG - SSH/executing: LC_ALL=C ; export LC_ALL; PATH=/bin:/sbin:/usr/bin:/usr/sbin:/usr/local/bin:/usr/local/sbin:/usr/pkg/bin:/usr/pkg/sbin; export PATH; hostname -f 2>/dev/null  
[2014-04-29 08:50:34] DEBUG - sng2c.vps.phps.kr

[2014-04-29 08:50:34] DEBUG - Executing: which lsb_release
[2014-04-29 08:50:34] DEBUG - Shell/Bash: Got options:
[2014-04-29 08:50:34] DEBUG - $VAR1 = {};

[2014-04-29 08:50:34] DEBUG - SSH/executing: LC_ALL=C ; export LC_ALL; PATH=/bin:/sbin:/usr/bin:/usr/sbin:/usr/local/bin:/usr/local/sbin:/usr/pkg/bin:/usr/pkg/sbin; export PATH; which lsb_release  
[2014-04-29 08:50:34] DEBUG - /usr/bin/lsb_release

[2014-04-29 08:50:34] DEBUG - Executing: lsb_release -s -i
[2014-04-29 08:50:34] DEBUG - Shell/Bash: Got options:
[2014-04-29 08:50:34] DEBUG - $VAR1 = {};

[2014-04-29 08:50:34] DEBUG - SSH/executing: LC_ALL=C ; export LC_ALL; PATH=/bin:/sbin:/usr/bin:/usr/sbin:/usr/local/bin:/usr/local/sbin:/usr/pkg/bin:/usr/pkg/sbin; export PATH; lsb_release -s -i  
[2014-04-29 08:50:34] DEBUG - Ubuntu

[2014-04-29 08:50:34] DEBUG - Executing: which lsb_release
[2014-04-29 08:50:34] DEBUG - Shell/Bash: Got options:
[2014-04-29 08:50:34] DEBUG - $VAR1 = {};

[2014-04-29 08:50:34] DEBUG - SSH/executing: LC_ALL=C ; export LC_ALL; PATH=/bin:/sbin:/usr/bin:/usr/sbin:/usr/local/bin:/usr/local/sbin:/usr/pkg/bin:/usr/pkg/sbin; export PATH; which lsb_release  
[2014-04-29 08:50:34] DEBUG - /usr/bin/lsb_release

[2014-04-29 08:50:34] DEBUG - Executing: lsb_release -r -s
[2014-04-29 08:50:34] DEBUG - Shell/Bash: Got options:
[2014-04-29 08:50:34] DEBUG - $VAR1 = {};

[2014-04-29 08:50:34] DEBUG - SSH/executing: LC_ALL=C ; export LC_ALL; PATH=/bin:/sbin:/usr/bin:/usr/sbin:/usr/local/bin:/usr/local/sbin:/usr/pkg/bin:/usr/pkg/sbin; export PATH; lsb_release -r -s  
[2014-04-29 08:50:34] DEBUG - 12.04

[2014-04-29 08:50:34] DEBUG - Executing: lsb_release -d
[2014-04-29 08:50:34] DEBUG - Shell/Bash: Got options:
[2014-04-29 08:50:34] DEBUG - $VAR1 = {};

[2014-04-29 08:50:34] DEBUG - SSH/executing: LC_ALL=C ; export LC_ALL; PATH=/bin:/sbin:/usr/bin:/usr/sbin:/usr/local/bin:/usr/local/sbin:/usr/pkg/bin:/usr/pkg/sbin; export PATH; lsb_release -d  
[2014-04-29 08:50:35] DEBUG - Description:	Ubuntu 12.04.4 LTS

[2014-04-29 08:50:35] DEBUG - Executing: which lsb_release
[2014-04-29 08:50:35] DEBUG - Shell/Bash: Got options:
[2014-04-29 08:50:35] DEBUG - $VAR1 = {};

[2014-04-29 08:50:35] DEBUG - SSH/executing: LC_ALL=C ; export LC_ALL; PATH=/bin:/sbin:/usr/bin:/usr/sbin:/usr/local/bin:/usr/local/sbin:/usr/pkg/bin:/usr/pkg/sbin; export PATH; which lsb_release  
[2014-04-29 08:50:35] DEBUG - /usr/bin/lsb_release

[2014-04-29 08:50:35] DEBUG - Executing: lsb_release -s -i
[2014-04-29 08:50:35] DEBUG - Shell/Bash: Got options:
[2014-04-29 08:50:35] DEBUG - $VAR1 = {};

[2014-04-29 08:50:35] DEBUG - SSH/executing: LC_ALL=C ; export LC_ALL; PATH=/bin:/sbin:/usr/bin:/usr/sbin:/usr/local/bin:/usr/local/sbin:/usr/pkg/bin:/usr/pkg/sbin; export PATH; lsb_release -s -i  
[2014-04-29 08:50:35] DEBUG - Ubuntu

[2014-04-29 08:50:35] DEBUG - Executing: which lsb_release
[2014-04-29 08:50:35] DEBUG - Shell/Bash: Got options:
[2014-04-29 08:50:35] DEBUG - $VAR1 = {};

[2014-04-29 08:50:35] DEBUG - SSH/executing: LC_ALL=C ; export LC_ALL; PATH=/bin:/sbin:/usr/bin:/usr/sbin:/usr/local/bin:/usr/local/sbin:/usr/pkg/bin:/usr/pkg/sbin; export PATH; which lsb_release  
[2014-04-29 08:50:35] DEBUG - /usr/bin/lsb_release

[2014-04-29 08:50:35] DEBUG - Executing: lsb_release -r -s
[2014-04-29 08:50:35] DEBUG - Shell/Bash: Got options:
[2014-04-29 08:50:35] DEBUG - $VAR1 = {};

[2014-04-29 08:50:35] DEBUG - SSH/executing: LC_ALL=C ; export LC_ALL; PATH=/bin:/sbin:/usr/bin:/usr/sbin:/usr/local/bin:/usr/local/sbin:/usr/pkg/bin:/usr/pkg/sbin; export PATH; lsb_release -r -s  
[2014-04-29 08:50:35] DEBUG - 12.04

[2014-04-29 08:50:35] DEBUG - Executing: lsb_release -d
[2014-04-29 08:50:35] DEBUG - Shell/Bash: Got options:
[2014-04-29 08:50:35] DEBUG - $VAR1 = {};

[2014-04-29 08:50:35] DEBUG - SSH/executing: LC_ALL=C ; export LC_ALL; PATH=/bin:/sbin:/usr/bin:/usr/sbin:/usr/local/bin:/usr/local/sbin:/usr/pkg/bin:/usr/pkg/sbin; export PATH; lsb_release -d  
[2014-04-29 08:50:36] DEBUG - Description:	Ubuntu 12.04.4 LTS

[2014-04-29 08:50:36] DEBUG - Executing: uname -s
[2014-04-29 08:50:36] DEBUG - Shell/Bash: Got options:
[2014-04-29 08:50:36] DEBUG - $VAR1 = {};

[2014-04-29 08:50:36] DEBUG - SSH/executing: LC_ALL=C ; export LC_ALL; PATH=/bin:/sbin:/usr/bin:/usr/sbin:/usr/local/bin:/usr/local/sbin:/usr/pkg/bin:/usr/pkg/sbin; export PATH; uname -s  
[2014-04-29 08:50:36] DEBUG - Linux

[2014-04-29 08:50:36] DEBUG - Executing: which lsb_release
[2014-04-29 08:50:36] DEBUG - Shell/Bash: Got options:
[2014-04-29 08:50:36] DEBUG - $VAR1 = {};

[2014-04-29 08:50:36] DEBUG - SSH/executing: LC_ALL=C ; export LC_ALL; PATH=/bin:/sbin:/usr/bin:/usr/sbin:/usr/local/bin:/usr/local/sbin:/usr/pkg/bin:/usr/pkg/sbin; export PATH; which lsb_release  
[2014-04-29 08:50:36] DEBUG - /usr/bin/lsb_release

[2014-04-29 08:50:36] DEBUG - Executing: lsb_release -s -i
[2014-04-29 08:50:36] DEBUG - Shell/Bash: Got options:
[2014-04-29 08:50:36] DEBUG - $VAR1 = {};

[2014-04-29 08:50:36] DEBUG - SSH/executing: LC_ALL=C ; export LC_ALL; PATH=/bin:/sbin:/usr/bin:/usr/sbin:/usr/local/bin:/usr/local/sbin:/usr/pkg/bin:/usr/pkg/sbin; export PATH; lsb_release -s -i  
[2014-04-29 08:50:36] DEBUG - Ubuntu

[2014-04-29 08:50:36] DEBUG - Using Rex::Pkg::Ubuntu for package management
[2014-04-29 08:50:36] DEBUG - Checking if redis-server is installed
[2014-04-29 08:50:36] DEBUG - Executing: dpkg-query -W --showformat "\${Status} \${Package}|\${Version}\n" redis-server
[2014-04-29 08:50:36] DEBUG - Shell/Bash: Got options:
[2014-04-29 08:50:36] DEBUG - $VAR1 = {};

[2014-04-29 08:50:36] DEBUG - SSH/executing: LC_ALL=C ; export LC_ALL; PATH=/bin:/sbin:/usr/bin:/usr/sbin:/usr/local/bin:/usr/local/sbin:/usr/pkg/bin:/usr/pkg/sbin; export PATH; dpkg-query -W --showformat "\${Status} \${Package}|\${Version}\n" redis-server  
[2014-04-29 08:50:36] DEBUG - No packages found matching redis-server.

[2014-04-29 08:50:36] DEBUG - redis-server is NOT installed.
[2014-04-29 08:50:36] INFO - Installing redis-server.
[2014-04-29 08:50:36] DEBUG - Checking if redis-server is installed
[2014-04-29 08:50:36] DEBUG - Executing: dpkg-query -W --showformat "\${Status} \${Package}|\${Version}\n" redis-server
[2014-04-29 08:50:37] DEBUG - Shell/Bash: Got options:
[2014-04-29 08:50:37] DEBUG - $VAR1 = {};

[2014-04-29 08:50:37] DEBUG - SSH/executing: LC_ALL=C ; export LC_ALL; PATH=/bin:/sbin:/usr/bin:/usr/sbin:/usr/local/bin:/usr/local/sbin:/usr/pkg/bin:/usr/pkg/sbin; export PATH; dpkg-query -W --showformat "\${Status} \${Package}|\${Version}\n" redis-server  
[2014-04-29 08:50:37] DEBUG - No packages found matching redis-server.

[2014-04-29 08:50:37] DEBUG - redis-server is NOT installed.
[2014-04-29 08:50:37] DEBUG - Installing redis-server / 
[2014-04-29 08:50:37] DEBUG - Executing: DEBIAN_FRONTEND=noninteractive apt-get -o Dpkg::Options::=--force-confold --force-yes -y install redis-server
[2014-04-29 08:50:37] DEBUG - Shell/Bash: Got options:
[2014-04-29 08:50:37] DEBUG - $VAR1 = {};

[2014-04-29 08:50:37] DEBUG - SSH/executing: LC_ALL=C ; export LC_ALL; PATH=/bin:/sbin:/usr/bin:/usr/sbin:/usr/local/bin:/usr/local/sbin:/usr/pkg/bin:/usr/pkg/sbin; export PATH; DEBIAN_FRONTEND=noninteractive apt-get -o Dpkg::Options::=--force-confold --force-yes -y install redis-server  
[2014-04-29 08:50:37] DEBUG - E: Could not open lock file /var/lib/dpkg/lock - open (13: Permission denied)
E: Unable to lock the administration directory (/var/lib/dpkg/), are you root?

[2014-04-29 08:50:37] WARN - Error installing redis-server.
[2014-04-29 08:50:37] DEBUG - E: Could not open lock file /var/lib/dpkg/lock - open (13: Permission denied)
E: Unable to lock the administration directory (/var/lib/dpkg/), are you root?
[2014-04-29 08:50:37] ERROR - Error executing task: Error installing redis-server at /Library/Perl/5.16/Rex/Pkg/Debian.pm line 82, <> line 9.

[2014-04-29 08:50:37] WARN - Error running task/batch: Error installing redis-server at /Library/Perl/5.16/Rex/Pkg/Debian.pm line 82, <> line 9.

[2014-04-29 08:50:37] DEBUG - Waiting for children to finish
[2014-04-29 08:50:37] DEBUG - Need to reinitialize connections.
[2014-04-29 08:50:37] DEBUG - Removing lockfile
[2014-04-29 08:50:37] INFO - Exiting Rex...
[2014-04-29 08:50:37] INFO - Cleaning up...
[2014-04-29 08:52:35] DEBUG - Registering task: Rex::CLI::uptime
[2014-04-29 08:52:35] DEBUG - Creating new distribution class of type: Base
[2014-04-29 08:52:35] DEBUG - new distribution class of type Rex::TaskList::Base created.
[2014-04-29 08:52:35] DEBUG - Creating task: uptime
[2014-04-29 08:52:35] DEBUG - Registering task: Rex::CLI::setup_redis
[2014-04-29 08:52:35] DEBUG - Returning existing distribution class of type: Rex::TaskList::Base
[2014-04-29 08:52:35] DEBUG - Creating task: setup_redis
[2014-04-29 08:52:35] DEBUG - eval your Rexfile.
[2014-04-29 08:52:35] DEBUG - Initializing Logger from parameters found in Rexfile
[2014-04-29 08:52:35] DEBUG - Returning existing distribution class of type: Rex::TaskList::Base
[2014-04-29 08:52:35] DEBUG - Running task: setup_redis
[2014-04-29 08:52:35] DEBUG - Returning existing distribution class of type: Rex::TaskList::Base
[2014-04-29 08:52:35] INFO - Running task setup_redis on mabook.com
[2014-04-29 08:52:35] DEBUG - $VAR1 = '';

[2014-04-29 08:52:35] DEBUG - $VAR1 = {
          'password' => undef,
          'sudo_password' => '',
          'auth_type' => 'key',
          'user' => 'sng2c',
          'private_key' => '/Users/sng2c/.ssh/id_rsa',
          'public_key' => '/Users/sng2c/.ssh/id_rsa.pub',
          'sudo' => 0
        };

[2014-04-29 08:52:35] DEBUG - Using Net::SSH2 for connection
[2014-04-29 08:52:35] DEBUG - Using user: sng2c
[2014-04-29 08:52:35] DEBUG - Using password: <no password>
[2014-04-29 08:52:35] INFO - Connecting to mabook.com:22 (sng2c)
[2014-04-29 08:52:35] DEBUG - Current Error-Code: 0
[2014-04-29 08:52:35] INFO - Connected to mabook.com, trying to authenticate.
[2014-04-29 08:52:35] DEBUG - Using key authentication.
[2014-04-29 08:52:36] INFO - Successfully authenticated on mabook.com.
[2014-04-29 08:52:36] DEBUG - Executing: which perl
[2014-04-29 08:52:36] DEBUG - Shell/Bash: Got options:
[2014-04-29 08:52:36] DEBUG - $VAR1 = {};

[2014-04-29 08:52:36] DEBUG - SSH/executing: LC_ALL=C ; export LC_ALL; which perl 
[2014-04-29 08:52:36] DEBUG - /usr/bin/perl

[2014-04-29 08:52:36] DEBUG - Executing setup_redis
[2014-04-29 08:52:36] DEBUG - Sudo: Executing: which lsb_release
[2014-04-29 08:52:36] DEBUG - Shell/Bash: Got options:
[2014-04-29 08:52:36] DEBUG - $VAR1 = {
          'prepend_command' => 'sudo  -p \'\' -S'
        };

[2014-04-29 08:52:36] DEBUG - sudo: exec: sudo  -p '' -S sh -c "LC_ALL=C ; export LC_ALL; PATH=/bin:/sbin:/usr/bin:/usr/sbin:/usr/local/bin:/usr/local/sbin:/usr/pkg/bin:/usr/pkg/sbin; export PATH; which lsb_release  "
[2014-04-29 08:52:36] DEBUG - SSH/executing: sudo  -p '' -S sh -c "LC_ALL=C ; export LC_ALL; PATH=/bin:/sbin:/usr/bin:/usr/sbin:/usr/local/bin:/usr/local/sbin:/usr/pkg/bin:/usr/pkg/sbin; export PATH; which lsb_release  "
[2014-04-29 08:53:21] DEBUG - Registering task: Rex::CLI::uptime
[2014-04-29 08:53:21] DEBUG - Creating new distribution class of type: Base
[2014-04-29 08:53:21] DEBUG - new distribution class of type Rex::TaskList::Base created.
[2014-04-29 08:53:21] DEBUG - Creating task: uptime
[2014-04-29 08:53:21] DEBUG - Registering task: Rex::CLI::setup_redis
[2014-04-29 08:53:21] DEBUG - Returning existing distribution class of type: Rex::TaskList::Base
[2014-04-29 08:53:21] DEBUG - Creating task: setup_redis
[2014-04-29 08:53:21] DEBUG - eval your Rexfile.
[2014-04-29 08:53:21] DEBUG - Initializing Logger from parameters found in Rexfile
[2014-04-29 08:53:21] DEBUG - Returning existing distribution class of type: Rex::TaskList::Base
[2014-04-29 08:53:21] DEBUG - Running task: setup_redis
[2014-04-29 08:53:21] DEBUG - Returning existing distribution class of type: Rex::TaskList::Base
[2014-04-29 08:53:21] INFO - Running task setup_redis on mabook.com
[2014-04-29 08:53:21] DEBUG - $VAR1 = '';

[2014-04-29 08:53:21] DEBUG - $VAR1 = {
          'password' => undef,
          'sudo_password' => 'illb@ack',
          'auth_type' => 'key',
          'user' => 'sng2c',
          'private_key' => '/Users/sng2c/.ssh/id_rsa',
          'public_key' => '/Users/sng2c/.ssh/id_rsa.pub',
          'sudo' => 0
        };

[2014-04-29 08:53:21] DEBUG - Using Net::SSH2 for connection
[2014-04-29 08:53:21] DEBUG - Using user: sng2c
[2014-04-29 08:53:21] DEBUG - Using password: <no password>
[2014-04-29 08:53:21] INFO - Connecting to mabook.com:22 (sng2c)
[2014-04-29 08:53:21] DEBUG - Current Error-Code: 0
[2014-04-29 08:53:21] INFO - Connected to mabook.com, trying to authenticate.
[2014-04-29 08:53:21] DEBUG - Using key authentication.
[2014-04-29 08:53:21] INFO - Successfully authenticated on mabook.com.
[2014-04-29 08:53:21] DEBUG - Executing: which perl
[2014-04-29 08:53:21] DEBUG - Shell/Bash: Got options:
[2014-04-29 08:53:21] DEBUG - $VAR1 = {};

[2014-04-29 08:53:21] DEBUG - SSH/executing: LC_ALL=C ; export LC_ALL; which perl 
[2014-04-29 08:53:21] DEBUG - /usr/bin/perl

[2014-04-29 08:53:21] DEBUG - Executing setup_redis
[2014-04-29 08:53:21] DEBUG - Sudo: Executing: which lsb_release
[2014-04-29 08:53:21] DEBUG - Opening /tmp/anddxiwtlmxv.tmp with mode: >
[2014-04-29 08:53:21] DEBUG - Shell/Bash: Got options:
[2014-04-29 08:53:21] DEBUG - $VAR1 = {
          'prepend_command' => 'perl /tmp/anddxiwtlmxv.tmp \'%02%0B%0A%00%29%16%1A%06\' | sudo  -p \'\' -S'
        };

[2014-04-29 08:53:21] DEBUG - sudo: exec: perl /tmp/anddxiwtlmxv.tmp '%02%0B%0A%00%29%16%1A%06' | sudo  -p '' -S sh -c "LC_ALL=C ; export LC_ALL; PATH=/bin:/sbin:/usr/bin:/usr/sbin:/usr/local/bin:/usr/local/sbin:/usr/pkg/bin:/usr/pkg/sbin; export PATH; which lsb_release  "
[2014-04-29 08:53:21] DEBUG - SSH/executing: perl /tmp/anddxiwtlmxv.tmp '%02%0B%0A%00%29%16%1A%06' | sudo  -p '' -S sh -c "LC_ALL=C ; export LC_ALL; PATH=/bin:/sbin:/usr/bin:/usr/sbin:/usr/local/bin:/usr/local/sbin:/usr/pkg/bin:/usr/pkg/sbin; export PATH; which lsb_release  "
[2014-04-29 08:53:21] DEBUG - /usr/bin/lsb_release

[2014-04-29 08:53:21] DEBUG - Sudo: Executing: lsb_release -s -i
[2014-04-29 08:53:21] DEBUG - Opening /tmp/wgmuukijvgjw.tmp with mode: >
[2014-04-29 08:53:21] DEBUG - Shell/Bash: Got options:
[2014-04-29 08:53:21] DEBUG - $VAR1 = {
          'prepend_command' => 'perl /tmp/wgmuukijvgjw.tmp \'%07%1E%14%15%22%14%06%1F\' | sudo  -p \'\' -S'
        };

[2014-04-29 08:53:21] DEBUG - sudo: exec: perl /tmp/wgmuukijvgjw.tmp '%07%1E%14%15%22%14%06%1F' | sudo  -p '' -S sh -c "LC_ALL=C ; export LC_ALL; PATH=/bin:/sbin:/usr/bin:/usr/sbin:/usr/local/bin:/usr/local/sbin:/usr/pkg/bin:/usr/pkg/sbin; export PATH; lsb_release -s -i  "
[2014-04-29 08:53:21] DEBUG - SSH/executing: perl /tmp/wgmuukijvgjw.tmp '%07%1E%14%15%22%14%06%1F' | sudo  -p '' -S sh -c "LC_ALL=C ; export LC_ALL; PATH=/bin:/sbin:/usr/bin:/usr/sbin:/usr/local/bin:/usr/local/sbin:/usr/pkg/bin:/usr/pkg/sbin; export PATH; lsb_release -s -i  "
[2014-04-29 08:53:22] DEBUG - Ubuntu

[2014-04-29 08:53:22] DEBUG - Sudo: Executing: which dmidecode
[2014-04-29 08:53:22] DEBUG - Opening /tmp/stqlehmwxmnv.tmp with mode: >
[2014-04-29 08:53:22] DEBUG - Shell/Bash: Got options:
[2014-04-29 08:53:22] DEBUG - $VAR1 = {
          'prepend_command' => 'perl /tmp/stqlehmwxmnv.tmp \'%03%1B%01%06%29%09%1B%06\' | sudo  -p \'\' -S'
        };

[2014-04-29 08:53:22] DEBUG - sudo: exec: perl /tmp/stqlehmwxmnv.tmp '%03%1B%01%06%29%09%1B%06' | sudo  -p '' -S sh -c "LC_ALL=C ; export LC_ALL; PATH=/bin:/sbin:/usr/bin:/usr/sbin:/usr/local/bin:/usr/local/sbin:/usr/pkg/bin:/usr/pkg/sbin; export PATH; which dmidecode  "
[2014-04-29 08:53:22] DEBUG - SSH/executing: perl /tmp/stqlehmwxmnv.tmp '%03%1B%01%06%29%09%1B%06' | sudo  -p '' -S sh -c "LC_ALL=C ; export LC_ALL; PATH=/bin:/sbin:/usr/bin:/usr/sbin:/usr/local/bin:/usr/local/sbin:/usr/pkg/bin:/usr/pkg/sbin; export PATH; which dmidecode  "
[2014-04-29 08:53:22] DEBUG - /usr/sbin/dmidecode

[2014-04-29 08:53:22] DEBUG - Sudo: Executing: /usr/sbin/dmidecode
[2014-04-29 08:53:22] DEBUG - Opening /tmp/uijmnvnsmjmh.tmp with mode: >
[2014-04-29 08:53:22] DEBUG - Shell/Bash: Got options:
[2014-04-29 08:53:22] DEBUG - $VAR1 = {
          'prepend_command' => 'perl /tmp/uijmnvnsmjmh.tmp \'%04%14%07%057%12%0A%00\' | sudo  -p \'\' -S'
        };

[2014-04-29 08:53:22] DEBUG - sudo: exec: perl /tmp/uijmnvnsmjmh.tmp '%04%14%07%057%12%0A%00' | sudo  -p '' -S sh -c "LC_ALL=C ; export LC_ALL; PATH=/bin:/sbin:/usr/bin:/usr/sbin:/usr/local/bin:/usr/local/sbin:/usr/pkg/bin:/usr/pkg/sbin; export PATH; /usr/sbin/dmidecode  "
[2014-04-29 08:53:22] DEBUG - SSH/executing: perl /tmp/uijmnvnsmjmh.tmp '%04%14%07%057%12%0A%00' | sudo  -p '' -S sh -c "LC_ALL=C ; export LC_ALL; PATH=/bin:/sbin:/usr/bin:/usr/sbin:/usr/local/bin:/usr/local/sbin:/usr/pkg/bin:/usr/pkg/sbin; export PATH; /usr/sbin/dmidecode  "
[2014-04-29 08:53:22] DEBUG - # dmidecode 2.11
SMBIOS 2.4 present.
98 structures occupying 3681 bytes.
Table at 0x000E0010.

Handle 0x0000, DMI type 0, 24 bytes
BIOS Information
	Vendor: Phoenix Technologies LTD
	Version: 6.00
	Release Date: 04/15/2011
	Address: 0xEA2E0
	Runtime Size: 89376 bytes
	ROM Size: 64 kB
	Characteristics:
		ISA is supported
		PCI is supported
		PC Card (PCMCIA) is supported
		PNP is supported
		APM is supported
		BIOS is upgradeable
		BIOS shadowing is allowed
		ESCD support is available
		USB legacy is supported
		Smart battery is supported
		BIOS boot specification is supported
		Targeted content distribution is supported
	BIOS Revision: 4.6
	Firmware Revision: 0.0

Handle 0x0001, DMI type 1, 27 bytes
System Information
	Manufacturer: VMware, Inc.
	Product Name: VMware Virtual Platform
	Version: None
	Serial Number: VMware-56 4d 4d 45 e7 dd ee 66-c4 66 84 89 1f 83 28 33
	UUID: 564D4D45-E7DD-EE66-C466-84891F832833
	Wake-up Type: Power Switch
	SKU Number: Not Specified
	Family: Not Specified

Handle 0x0002, DMI type 2, 15 bytes
Base Board Information
	Manufacturer: Intel Corporation
	Product Name: 440BX Desktop Reference Platform
	Version: None
	Serial Number: None
	Asset Tag: Not Specified
	Features: None
	Location In Chassis: Not Specified
	Chassis Handle: 0x0000
	Type: Unknown
	Contained Object Handles: 0

Handle 0x0003, DMI type 3, 21 bytes
Chassis Information
	Manufacturer: No Enclosure
	Type: Other
	Lock: Not Present
	Version: N/A
	Serial Number: None
	Asset Tag: No Asset Tag
	Boot-up State: Safe
	Power Supply State: Safe
	Thermal State: Safe
	Security Status: None
	OEM Information: 0x00001234
	Height: Unspecified
	Number Of Power Cords: Unspecified
	Contained Elements: 0

Handle 0x0004, DMI type 4, 35 bytes
Processor Information
	Socket Designation: CPU socket #0
	Type: Central Processor
	Family: Pentium Pro
	Manufacturer: GenuineIntel
	ID: C2 06 02 00 FF FB EB 0F
	Signature: Type 0, Family 6, Model 44, Stepping 2
	Flags:
		FPU (Floating-point unit on-chip)
		VME (Virtual mode extension)
		DE (Debugging extension)
		PSE (Page size extension)
		TSC (Time stamp counter)
		MSR (Model specific registers)
		PAE (Physical address extension)
		MCE (Machine check exception)
		CX8 (CMPXCHG8 instruction supported)
		APIC (On-chip APIC hardware supported)
		SEP (Fast system call)
		MTRR (Memory type range registers)
		PGE (Page global enable)
		MCA (Machine check architecture)
		CMOV (Conditional move instruction supported)
		PAT (Page attribute table)
		PSE-36 (36-bit page size extension)
		CLFSH (CLFLUSH instruction supported)
		DS (Debug store)
		ACPI (ACPI supported)
		MMX (MMX technology supported)
		FXSR (FXSAVE and FXSTOR instructions supported)
		SSE (Streaming SIMD extensions)
		SSE2 (Streaming SIMD extensions 2)
		SS (Self-snoop)
	Version: Pentium(R) Pro
	Voltage: 3.3 V
	External Clock: Unknown
	Max Speed: 30000 MHz
	Current Speed: 2400 MHz
	Status: Populated, Enabled
	Upgrade: ZIF Socket
	L1 Cache Handle: 0x001C
	L2 Cache Handle: 0x001D
	L3 Cache Handle: Not Provided
	Serial Number: Not Specified
	Asset Tag: Not Specified
	Part Number: Not Specified

Handle 0x0005, DMI type 4, 35 bytes
Processor Information
	Socket Designation: CPU socket #1
	Type: Central Processor
	Family: Pentium Pro
	Manufacturer: GenuineIntel
	ID: C2 06 00 00 FF FB EB 0F
	Signature: Type 0, Family 6, Model 12, Stepping 2
	Flags:
		FPU (Floating-point unit on-chip)
		VME (Virtual mode extension)
		DE (Debugging extension)
		PSE (Page size extension)
		TSC (Time stamp counter)
		MSR (Model specific registers)
		PAE (Physical address extension)
		MCE (Machine check exception)
		CX8 (CMPXCHG8 instruction supported)
		APIC (On-chip APIC hardware supported)
		SEP (Fast system call)
		MTRR (Memory type range registers)
		PGE (Page global enable)
		MCA (Machine check architecture)
		CMOV (Conditional move instruction supported)
		PAT (Page attribute table)
		PSE-36 (36-bit page size extension)
		CLFSH (CLFLUSH instruction supported)
		DS (Debug store)
		ACPI (ACPI supported)
		MMX (MMX technology supported)
		FXSR (FXSAVE and FXSTOR instructions supported)
		SSE (Streaming SIMD extensions)
		SSE2 (Streaming SIMD extensions 2)
		SS (Self-snoop)
	Version: Pentium(R) Pro
	Voltage: 3.3 V
	External Clock: Unknown
	Max Speed: 30000 MHz
	Current Speed: 2400 MHz
	Status: Populated, Enabled
	Upgrade: ZIF Socket
	L1 Cache Handle: 0x001E
	L2 Cache Handle: 0x001F
	L3 Cache Handle: Not Provided
	Serial Number: Not Specified
	Asset Tag: Not Specified
	Part Number: Not Specified

Handle 0x0006, DMI type 4, 35 bytes
Processor Information
	Socket Designation: CPU socket #2
	Type: Central Processor
	Family: Unknown
	Manufacturer: 000000000000
	ID: 00 00 00 00 00 00 00 00
	Version: 00000000000000000000000000000000
	Voltage: 3.3 V
	External Clock: Unknown
	Max Speed: 30000 MHz
	Current Speed: Unknown
	Status: Unpopulated
	Upgrade: ZIF Socket
	L1 Cache Handle: 0x0020
	L2 Cache Handle: 0x0021
	L3 Cache Handle: Not Provided
	Serial Number: Not Specified
	Asset Tag: Not Specified
	Part Number: Not Specified

Handle 0x0007, DMI type 4, 35 bytes
Processor Information
	Socket Designation: CPU socket #3
	Type: Central Processor
	Family: Unknown
	Manufacturer: 000000000000
	ID: 00 00 00 00 00 00 00 00
	Version: 00000000000000000000000000000000
	Voltage: 3.3 V
	External Clock: Unknown
	Max Speed: 30000 MHz
	Current Speed: Unknown
	Status: Unpopulated
	Upgrade: ZIF Socket
	L1 Cache Handle: 0x0022
	L2 Cache Handle: 0x0023
	L3 Cache Handle: Not Provided
	Serial Number: Not Specified
	Asset Tag: Not Specified
	Part Number: Not Specified

Handle 0x0008, DMI type 4, 35 bytes
Processor Information
	Socket Designation: CPU socket #4
	Type: Central Processor
	Family: Unknown
	Manufacturer: 000000000000
	ID: 00 00 00 00 00 00 00 00
	Version: 00000000000000000000000000000000
	Voltage: 3.3 V
	External Clock: Unknown
	Max Speed: 30000 MHz
	Current Speed: Unknown
	Status: Unpopulated
	Upgrade: ZIF Socket
	L1 Cache Handle: 0x0024
	L2 Cache Handle: 0x0025
	L3 Cache Handle: Not Provided
	Serial Number: Not Specified
	Asset Tag: Not Specified
	Part Number: Not Specified

Handle 0x0009, DMI type 4, 35 bytes
Processor Information
	Socket Designation: CPU socket #5
	Type: Central Processor
	Family: Unknown
	Manufacturer: 000000000000
	ID: 00 00 00 00 00 00 00 00
	Version: 00000000000000000000000000000000
	Voltage: 3.3 V
	External Clock: Unknown
	Max Speed: 30000 MHz
	Current Speed: Unknown
	Status: Unpopulated
	Upgrade: ZIF Socket
	L1 Cache Handle: 0x0026
	L2 Cache Handle: 0x0027
	L3 Cache Handle: Not Provided
	Serial Number: Not Specified
	Asset Tag: Not Specified
	Part Number: Not Specified

Handle 0x000A, DMI type 4, 35 bytes
Processor Information
	Socket Designation: CPU socket #6
	Type: Central Processor
	Family: Unknown
	Manufacturer: 000000000000
	ID: 00 00 00 00 00 00 00 00
	Version: 00000000000000000000000000000000
	Voltage: 3.3 V
	External Clock: Unknown
	Max Speed: 30000 MHz
	Current Speed: Unknown
	Status: Unpopulated
	Upgrade: ZIF Socket
	L1 Cache Handle: 0x0028
	L2 Cache Handle: 0x0029
	L3 Cache Handle: Not Provided
	Serial Number: Not Specified
	Asset Tag: Not Specified
	Part Number: Not Specified

Handle 0x000B, DMI type 4, 35 bytes
Processor Information
	Socket Designation: CPU socket #7
	Type: Central Processor
	Family: Unknown
	Manufacturer: 000000000000
	ID: 00 00 00 00 00 00 00 00
	Version: 00000000000000000000000000000000
	Voltage: 3.3 V
	External Clock: Unknown
	Max Speed: 30000 MHz
	Current Speed: Unknown
	Status: Unpopulated
	Upgrade: ZIF Socket
	L1 Cache Handle: 0x002A
	L2 Cache Handle: 0x002B
	L3 Cache Handle: Not Provided
	Serial Number: Not Specified
	Asset Tag: Not Specified
	Part Number: Not Specified

Handle 0x000C, DMI type 5, 46 bytes
Memory Controller Information
	Error Detecting Method: None
	Error Correcting Capabilities:
		None
	Supported Interleave: One-way Interleave
	Current Interleave: One-way Interleave
	Maximum Memory Module Size: 32768 MB
	Maximum Total Memory Size: 491520 MB
	Supported Speeds:
		70 ns
		60 ns
	Supported Memory Types:
		FPM
		EDO
		DIMM
		SDRAM
	Memory Module Voltage: 3.3 V
	Associated Memory Slots: 15
		0x000D
		0x000E
		0x000F
		0x0010
		0x0011
		0x0012
		0x0013
		0x0014
		0x0015
		0x0016
		0x0017
		0x0018
		0x0019
		0x001A
		0x001B
	Enabled Error Correcting Capabilities:
		None

Handle 0x000D, DMI type 6, 12 bytes
Memory Module Information
	Socket Designation: RAM socket #0
	Bank Connections: 0
	Current Speed: Unknown
	Type: EDO DIMM
	Installed Size: 1024 MB (Single-bank Connection)
	Enabled Size: 1024 MB (Single-bank Connection)
	Error Status: OK

Handle 0x000E, DMI type 6, 12 bytes
Memory Module Information
	Socket Designation: RAM socket #1
	Bank Connections: 1
	Current Speed: Unknown
	Type: DIMM
	Installed Size: Not Installed
	Enabled Size: Not Installed
	Error Status: OK

Handle 0x000F, DMI type 6, 12 bytes
Memory Module Information
	Socket Designation: RAM socket #2
	Bank Connections: 2
	Current Speed: Unknown
	Type: DIMM
	Installed Size: Not Installed
	Enabled Size: Not Installed
	Error Status: OK

Handle 0x0010, DMI type 6, 12 bytes
Memory Module Information
	Socket Designation: RAM socket #3
	Bank Connections: 3
	Current Speed: Unknown
	Type: DIMM
	Installed Size: Not Installed
	Enabled Size: Not Installed
	Error Status: OK

Handle 0x0011, DMI type 6, 12 bytes
Memory Module Information
	Socket Designation: RAM socket #4
	Bank Connections: 4
	Current Speed: Unknown
	Type: DIMM
	Installed Size: Not Installed
	Enabled Size: Not Installed
	Error Status: OK

Handle 0x0012, DMI type 6, 12 bytes
Memory Module Information
	Socket Designation: RAM socket #5
	Bank Connections: 5
	Current Speed: Unknown
	Type: DIMM
	Installed Size: Not Installed
	Enabled Size: Not Installed
	Error Status: OK

Handle 0x0013, DMI type 6, 12 bytes
Memory Module Information
	Socket Designation: RAM socket #6
	Bank Connections: 6
	Current Speed: Unknown
	Type: DIMM
	Installed Size: Not Installed
	Enabled Size: Not Installed
	Error Status: OK

Handle 0x0014, DMI type 6, 12 bytes
Memory Module Information
	Socket Designation: RAM socket #7
	Bank Connections: 7
	Current Speed: Unknown
	Type: DIMM
	Installed Size: Not Installed
	Enabled Size: Not Installed
	Error Status: OK

Handle 0x0015, DMI type 6, 12 bytes
Memory Module Information
	Socket Designation: RAM socket #8
	Bank Connections: 8
	Current Speed: Unknown
	Type: DIMM
	Installed Size: Not Installed
	Enabled Size: Not Installed
	Error Status: OK

Handle 0x0016, DMI type 6, 12 bytes
Memory Module Information
	Socket Designation: RAM socket #9
	Bank Connections: 9
	Current Speed: Unknown
	Type: DIMM
	Installed Size: Not Installed
	Enabled Size: Not Installed
	Error Status: OK

Handle 0x0017, DMI type 6, 12 bytes
Memory Module Information
	Socket Designation: RAM socket #10
	Bank Connections: 10
	Current Speed: Unknown
	Type: DIMM
	Installed Size: Not Installed
	Enabled Size: Not Installed
	Error Status: OK

Handle 0x0018, DMI type 6, 12 bytes
Memory Module Information
	Socket Designation: RAM socket #11
	Bank Connections: 11
	Current Speed: Unknown
	Type: DIMM
	Installed Size: Not Installed
	Enabled Size: Not Installed
	Error Status: OK

Handle 0x0019, DMI type 6, 12 bytes
Memory Module Information
	Socket Designation: RAM socket #12
	Bank Connections: 12
	Current Speed: Unknown
	Type: DIMM
	Installed Size: Not Installed
	Enabled Size: Not Installed
	Error Status: OK

Handle 0x001A, DMI type 6, 12 bytes
Memory Module Information
	Socket Designation: RAM socket #13
	Bank Connections: 13
	Current Speed: Unknown
	Type: DIMM
	Installed Size: Not Installed
	Enabled Size: Not Installed
	Error Status: OK

Handle 0x001B, DMI type 6, 12 bytes
Memory Module Information
	Socket Designation: RAM socket #14
	Bank Connections: 14
	Current Speed: Unknown
	Type: DIMM
	Installed Size: Not Installed
	Enabled Size: Not Installed
	Error Status: OK

Handle 0x001C, DMI type 7, 19 bytes
Cache Information
	Socket Designation: L1 Cache
	Configuration: Enabled, Socketed, Level 1
	Operational Mode: Write Back
	Location: Internal
	Installed Size: 16 kB
	Maximum Size: 16 kB
	Supported SRAM Types:
		Burst
		Pipeline Burst
		Asynchronous
	Installed SRAM Type: Asynchronous
	Speed: Unknown
	Error Correction Type: Unknown
	System Type: Unknown
	Associativity: Unknown

Handle 0x001D, DMI type 7, 19 bytes
Cache Information
	Socket Designation: L2 Cache
	Configuration: Enabled, Socketed, Level 2
	Operational Mode: Write Back
	Location: External
	Installed Size: 0 kB
	Maximum Size: 512 kB
	Supported SRAM Types:
		Burst
		Pipeline Burst
		Asynchronous
	Installed SRAM Type: None
	Speed: Unknown
	Error Correction Type: Unknown
	System Type: Unknown
	Associativity: Unknown

Handle 0x001E, DMI type 7, 19 bytes
Cache Information
	Socket Designation: L1 Cache
	Configuration: Enabled, Socketed, Level 1
	Operational Mode: Write Back
	Location: Internal
	Installed Size: 16 kB
	Maximum Size: 16 kB
	Supported SRAM Types:
		Burst
		Pipeline Burst
		Asynchronous
	Installed SRAM Type: Asynchronous
	Speed: Unknown
	Error Correction Type: Unknown
	System Type: Unknown
	Associativity: Unknown

Handle 0x001F, DMI type 7, 19 bytes
Cache Information
	Socket Designation: L2 Cache
	Configuration: Enabled, Socketed, Level 2
	Operational Mode: Write Back
	Location: External
	Installed Size: 0 kB
	Maximum Size: 512 kB
	Supported SRAM Types:
		Burst
		Pipeline Burst
		Asynchronous
	Installed SRAM Type: None
	Speed: Unknown
	Error Correction Type: Unknown
	System Type: Unknown
	Associativity: Unknown

Handle 0x0020, DMI type 7, 19 bytes
Cache Information
	Socket Designation: L1 Cache
	Configuration: Enabled, Socketed, Level 1
	Operational Mode: Write Back
	Location: Internal
	Installed Size: 16 kB
	Maximum Size: 16 kB
	Supported SRAM Types:
		Burst
		Pipeline Burst
		Asynchronous
	Installed SRAM Type: Asynchronous
	Speed: Unknown
	Error Correction Type: Unknown
	System Type: Unknown
	Associativity: Unknown

Handle 0x0021, DMI type 7, 19 bytes
Cache Information
	Socket Designation: L2 Cache
	Configuration: Enabled, Socketed, Level 2
	Operational Mode: Write Back
	Location: External
	Installed Size: 0 kB
	Maximum Size: 512 kB
	Supported SRAM Types:
		Burst
		Pipeline Burst
		Asynchronous
	Installed SRAM Type: None
	Speed: Unknown
	Error Correction Type: Unknown
	System Type: Unknown
	Associativity: Unknown

Handle 0x0022, DMI type 7, 19 bytes
Cache Information
	Socket Designation: L1 Cache
	Configuration: Enabled, Socketed, Level 1
	Operational Mode: Write Back
	Location: Internal
	Installed Size: 16 kB
	Maximum Size: 16 kB
	Supported SRAM Types:
		Burst
		Pipeline Burst
		Asynchronous
	Installed SRAM Type: Asynchronous
	Speed: Unknown
	Error Correction Type: Unknown
	System Type: Unknown
	Associativity: Unknown

Handle 0x0023, DMI type 7, 19 bytes
Cache Information
	Socket Designation: L2 Cache
	Configuration: Enabled, Socketed, Level 2
	Operational Mode: Write Back
	Location: External
	Installed Size: 0 kB
	Maximum Size: 512 kB
	Supported SRAM Types:
		Burst
		Pipeline Burst
		Asynchronous
	Installed SRAM Type: None
	Speed: Unknown
	Error Correction Type: Unknown
	System Type: Unknown
	Associativity: Unknown

Handle 0x0024, DMI type 7, 19 bytes
Cache Information
	Socket Designation: L1 Cache
	Configuration: Enabled, Socketed, Level 1
	Operational Mode: Write Back
	Location: Internal
	Installed Size: 16 kB
	Maximum Size: 16 kB
	Supported SRAM Types:
		Burst
		Pipeline Burst
		Asynchronous
	Installed SRAM Type: Asynchronous
	Speed: Unknown
	Error Correction Type: Unknown
	System Type: Unknown
	Associativity: Unknown

Handle 0x0025, DMI type 7, 19 bytes
Cache Information
	Socket Designation: L2 Cache
	Configuration: Enabled, Socketed, Level 2
	Operational Mode: Write Back
	Location: External
	Installed Size: 0 kB
	Maximum Size: 512 kB
	Supported SRAM Types:
		Burst
		Pipeline Burst
		Asynchronous
	Installed SRAM Type: None
	Speed: Unknown
	Error Correction Type: Unknown
	System Type: Unknown
	Associativity: Unknown

Handle 0x0026, DMI type 7, 19 bytes
Cache Information
	Socket Designation: L1 Cache
	Configuration: Enabled, Socketed, Level 1
	Operational Mode: Write Back
	Location: Internal
	Installed Size: 16 kB
	Maximum Size: 16 kB
	Supported SRAM Types:
		Burst
		Pipeline Burst
		Asynchronous
	Installed SRAM Type: Asynchronous
	Speed: Unknown
	Error Correction Type: Unknown
	System Type: Unknown
	Associativity: Unknown

Handle 0x0027, DMI type 7, 19 bytes
Cache Information
	Socket Designation: L2 Cache
	Configuration: Enabled, Socketed, Level 2
	Operational Mode: Write Back
	Location: External
	Installed Size: 0 kB
	Maximum Size: 512 kB
	Supported SRAM Types:
		Burst
		Pipeline Burst
		Asynchronous
	Installed SRAM Type: None
	Speed: Unknown
	Error Correction Type: Unknown
	System Type: Unknown
	Associativity: Unknown

Handle 0x0028, DMI type 7, 19 bytes
Cache Information
	Socket Designation: L1 Cache
	Configuration: Enabled, Socketed, Level 1
	Operational Mode: Write Back
	Location: Internal
	Installed Size: 16 kB
	Maximum Size: 16 kB
	Supported SRAM Types:
		Burst
		Pipeline Burst
		Asynchronous
	Installed SRAM Type: Asynchronous
	Speed: Unknown
	Error Correction Type: Unknown
	System Type: Unknown
	Associativity: Unknown

Handle 0x0029, DMI type 7, 19 bytes
Cache Information
	Socket Designation: L2 Cache
	Configuration: Enabled, Socketed, Level 2
	Operational Mode: Write Back
	Location: External
	Installed Size: 0 kB
	Maximum Size: 512 kB
	Supported SRAM Types:
		Burst
		Pipeline Burst
		Asynchronous
	Installed SRAM Type: None
	Speed: Unknown
	Error Correction Type: Unknown
	System Type: Unknown
	Associativity: Unknown

Handle 0x002A, DMI type 7, 19 bytes
Cache Information
	Socket Designation: L1 Cache
	Configuration: Enabled, Socketed, Level 1
	Operational Mode: Write Back
	Location: Internal
	Installed Size: 16 kB
	Maximum Size: 16 kB
	Supported SRAM Types:
		Burst
		Pipeline Burst
		Asynchronous
	Installed SRAM Type: Asynchronous
	Speed: Unknown
	Error Correction Type: Unknown
	System Type: Unknown
	Associativity: Unknown

Handle 0x002B, DMI type 7, 19 bytes
Cache Information
	Socket Designation: L2 Cache
	Configuration: Enabled, Socketed, Level 2
	Operational Mode: Write Back
	Location: External
	Installed Size: 0 kB
	Maximum Size: 512 kB
	Supported SRAM Types:
		Burst
		Pipeline Burst
		Asynchronous
	Installed SRAM Type: None
	Speed: Unknown
	Error Correction Type: Unknown
	System Type: Unknown
	Associativity: Unknown

Handle 0x002C, DMI type 8, 9 bytes
Port Connector Information
	Internal Reference Designator: J19
	Internal Connector Type: 9 Pin Dual Inline (pin 10 cut)
	External Reference Designator: COM 1
	External Connector Type: DB-9 male
	Port Type: Serial Port 16550A Compatible

Handle 0x002D, DMI type 8, 9 bytes
Port Connector Information
	Internal Reference Designator: J23
	Internal Connector Type: 25 Pin Dual Inline (pin 26 cut)
	External Reference Designator: Parallel
	External Connector Type: DB-25 female
	Port Type: Parallel Port ECP/EPP

Handle 0x002E, DMI type 8, 9 bytes
Port Connector Information
	Internal Reference Designator: J11
	Internal Connector Type: None
	External Reference Designator: Keyboard
	External Connector Type: Circular DIN-8 male
	Port Type: Keyboard Port

Handle 0x002F, DMI type 8, 9 bytes
Port Connector Information
	Internal Reference Designator: J12
	Internal Connector Type: None
	External Reference Designator: PS/2 Mouse
	External Connector Type: Circular DIN-8 male
	Port Type: Keyboard Port

Handle 0x0030, DMI type 9, 13 bytes
System Slot Information
	Designation: ISA Slot J8
	Type: 16-bit ISA
	Current Usage: Unknown
	Length: Short
	Characteristics:
		5.0 V is provided

Handle 0x0031, DMI type 9, 13 bytes
System Slot Information
	Designation: ISA Slot J9
	Type: 16-bit ISA
	Current Usage: Unknown
	Length: Short
	Characteristics:
		5.0 V is provided

Handle 0x0032, DMI type 9, 13 bytes
System Slot Information
	Designation: ISA Slot J10
	Type: 16-bit ISA
	Current Usage: Unknown
	Length: Short
	Characteristics:
		5.0 V is provided

Handle 0x0033, DMI type 9, 13 bytes
System Slot Information
	Designation: PCI Slot J11
	Type: 32-bit PCI
	Current Usage: In Use
	Length: Long
	ID: 1
	Characteristics:
		5.0 V is provided
		3.3 V is provided

Handle 0x0034, DMI type 9, 13 bytes
System Slot Information
	Designation: PCI Slot J12
	Type: 32-bit PCI
	Current Usage: In Use
	Length: Long
	ID: 2
	Characteristics:
		5.0 V is provided
		3.3 V is provided

Handle 0x0035, DMI type 9, 13 bytes
System Slot Information
	Designation: PCI Slot J13
	Type: 32-bit PCI
	Current Usage: In Use
	Length: Long
	ID: 3
	Characteristics:
		5.0 V is provided
		3.3 V is provided

Handle 0x0036, DMI type 9, 13 bytes
System Slot Information
	Designation: PCI Slot J14
	Type: 32-bit PCI
	Current Usage: Available
	Length: Long
	ID: 4
	Characteristics:
		5.0 V is provided
		3.3 V is provided

Handle 0x0037, DMI type 10, 8 bytes
On Board Device 1 Information
	Type: Video
	Status: Disabled
	Description: VMware SVGA II
On Board Device 2 Information
	Type: Sound
	Status: Disabled
	Description: ES1371

Handle 0x0038, DMI type 11, 5 bytes
OEM Strings
	String 1: [MS_VM_CERT/SHA1/27d66596a61c48dd3dc7216fd715126e33f59ae7]
	String 2: Welcome to the Virtual Machine

Handle 0x0039, DMI type 15, 29 bytes
System Event Log
	Area Length: 16 bytes
	Header Start Offset: 0x0000
	Header Length: 16 bytes
	Data Start Offset: 0x0010
	Access Method: General-purpose non-volatile data functions
	Access Address: 0x0000
	Status: Invalid, Full
	Change Token: 0x00000036
	Header Format: Type 1
	Supported Log Type Descriptors: 3
	Descriptor 1: POST error
	Data Format 1: POST results bitmap
	Descriptor 2: Single-bit ECC memory error
	Data Format 2: Multiple-event
	Descriptor 3: Multi-bit ECC memory error
	Data Format 3: Multiple-event

Handle 0x003A, DMI type 16, 15 bytes
Physical Memory Array
	Location: System Board Or Motherboard
	Use: System Memory
	Error Correction Type: None
	Maximum Capacity: 256 GB
	Error Information Handle: Not Provided
	Number Of Devices: 15

Handle 0x003B, DMI type 17, 27 bytes
Memory Device
	Array Handle: 0x003A
	Error Information Handle: No Error
	Total Width: 32 bits
	Data Width: 32 bits
	Size: 1024 MB
	Form Factor: DIMM
	Set: None
	Locator: RAM slot #0
	Bank Locator: RAM slot #0
	Type: DRAM
	Type Detail: EDO
	Speed: Unknown
	Manufacturer: Not Specified
	Serial Number: Not Specified
	Asset Tag: Not Specified
	Part Number: Not Specified

Handle 0x003C, DMI type 17, 27 bytes
Memory Device
	Array Handle: 0x003A
	Error Information Handle: No Error
	Total Width: Unknown
	Data Width: Unknown
	Size: No Module Installed
	Form Factor: DIMM
	Set: None
	Locator: RAM slot #1
	Bank Locator: RAM slot #1
	Type: DRAM
	Type Detail: Unknown
	Speed: Unknown
	Manufacturer: Not Specified
	Serial Number: Not Specified
	Asset Tag: Not Specified
	Part Number: Not Specified

Handle 0x003D, DMI type 17, 27 bytes
Memory Device
	Array Handle: 0x003A
	Error Information Handle: No Error
	Total Width: Unknown
	Data Width: Unknown
	Size: No Module Installed
	Form Factor: DIMM
	Set: None
	Locator: RAM slot #2
	Bank Locator: RAM slot #2
	Type: DRAM
	Type Detail: Unknown
	Speed: Unknown
	Manufacturer: Not Specified
	Serial Number: Not Specified
	Asset Tag: Not Specified
	Part Number: Not Specified

Handle 0x003E, DMI type 17, 27 bytes
Memory Device
	Array Handle: 0x003A
	Error Information Handle: No Error
	Total Width: Unknown
	Data Width: Unknown
	Size: No Module Installed
	Form Factor: DIMM
	Set: None
	Locator: RAM slot #3
	Bank Locator: RAM slot #3
	Type: DRAM
	Type Detail: Unknown
	Speed: Unknown
	Manufacturer: Not Specified
	Serial Number: Not Specified
	Asset Tag: Not Specified
	Part Number: Not Specified

Handle 0x003F, DMI type 17, 27 bytes
Memory Device
	Array Handle: 0x003A
	Error Information Handle: No Error
	Total Width: Unknown
	Data Width: Unknown
	Size: No Module Installed
	Form Factor: DIMM
	Set: None
	Locator: RAM slot #4
	Bank Locator: RAM slot #4
	Type: DRAM
	Type Detail: Unknown
	Speed: Unknown
	Manufacturer: Not Specified
	Serial Number: Not Specified
	Asset Tag: Not Specified
	Part Number: Not Specified

Handle 0x0040, DMI type 17, 27 bytes
Memory Device
	Array Handle: 0x003A
	Error Information Handle: No Error
	Total Width: Unknown
	Data Width: Unknown
	Size: No Module Installed
	Form Factor: DIMM
	Set: None
	Locator: RAM slot #5
	Bank Locator: RAM slot #5
	Type: DRAM
	Type Detail: Unknown
	Speed: Unknown
	Manufacturer: Not Specified
	Serial Number: Not Specified
	Asset Tag: Not Specified
	Part Number: Not Specified

Handle 0x0041, DMI type 17, 27 bytes
Memory Device
	Array Handle: 0x003A
	Error Information Handle: No Error
	Total Width: Unknown
	Data Width: Unknown
	Size: No Module Installed
	Form Factor: DIMM
	Set: None
	Locator: RAM slot #6
	Bank Locator: RAM slot #6
	Type: DRAM
	Type Detail: Unknown
	Speed: Unknown
	Manufacturer: Not Specified
	Serial Number: Not Specified
	Asset Tag: Not Specified
	Part Number: Not Specified

Handle 0x0042, DMI type 17, 27 bytes
Memory Device
	Array Handle: 0x003A
	Error Information Handle: No Error
	Total Width: Unknown
	Data Width: Unknown
	Size: No Module Installed
	Form Factor: DIMM
	Set: None
	Locator: RAM slot #7
	Bank Locator: RAM slot #7
	Type: DRAM
	Type Detail: Unknown
	Speed: Unknown
	Manufacturer: Not Specified
	Serial Number: Not Specified
	Asset Tag: Not Specified
	Part Number: Not Specified

Handle 0x0043, DMI type 17, 27 bytes
Memory Device
	Array Handle: 0x003A
	Error Information Handle: No Error
	Total Width: Unknown
	Data Width: Unknown
	Size: No Module Installed
	Form Factor: DIMM
	Set: None
	Locator: RAM slot #8
	Bank Locator: RAM slot #8
	Type: DRAM
	Type Detail: Unknown
	Speed: Unknown
	Manufacturer: Not Specified
	Serial Number: Not Specified
	Asset Tag: Not Specified
	Part Number: Not Specified

Handle 0x0044, DMI type 17, 27 bytes
Memory Device
	Array Handle: 0x003A
	Error Information Handle: No Error
	Total Width: Unknown
	Data Width: Unknown
	Size: No Module Installed
	Form Factor: DIMM
	Set: None
	Locator: RAM slot #9
	Bank Locator: RAM slot #9
	Type: DRAM
	Type Detail: Unknown
	Speed: Unknown
	Manufacturer: Not Specified
	Serial Number: Not Specified
	Asset Tag: Not Specified
	Part Number: Not Specified

Handle 0x0045, DMI type 17, 27 bytes
Memory Device
	Array Handle: 0x003A
	Error Information Handle: No Error
	Total Width: Unknown
	Data Width: Unknown
	Size: No Module Installed
	Form Factor: DIMM
	Set: None
	Locator: RAM slot #10
	Bank Locator: RAM slot #10
	Type: DRAM
	Type Detail: Unknown
	Speed: Unknown
	Manufacturer: Not Specified
	Serial Number: Not Specified
	Asset Tag: Not Specified
	Part Number: Not Specified

Handle 0x0046, DMI type 17, 27 bytes
Memory Device
	Array Handle: 0x003A
	Error Information Handle: No Error
	Total Width: Unknown
	Data Width: Unknown
	Size: No Module Installed
	Form Factor: DIMM
	Set: None
	Locator: RAM slot #11
	Bank Locator: RAM slot #11
	Type: DRAM
	Type Detail: Unknown
	Speed: Unknown
	Manufacturer: Not Specified
	Serial Number: Not Specified
	Asset Tag: Not Specified
	Part Number: Not Specified

Handle 0x0047, DMI type 17, 27 bytes
Memory Device
	Array Handle: 0x003A
	Error Information Handle: No Error
	Total Width: Unknown
	Data Width: Unknown
	Size: No Module Installed
	Form Factor: DIMM
	Set: None
	Locator: RAM slot #12
	Bank Locator: RAM slot #12
	Type: DRAM
	Type Detail: Unknown
	Speed: Unknown
	Manufacturer: Not Specified
	Serial Number: Not Specified
	Asset Tag: Not Specified
	Part Number: Not Specified

Handle 0x0048, DMI type 17, 27 bytes
Memory Device
	Array Handle: 0x003A
	Error Information Handle: No Error
	Total Width: Unknown
	Data Width: Unknown
	Size: No Module Installed
	Form Factor: DIMM
	Set: None
	Locator: RAM slot #13
	Bank Locator: RAM slot #13
	Type: DRAM
	Type Detail: Unknown
	Speed: Unknown
	Manufacturer: Not Specified
	Serial Number: Not Specified
	Asset Tag: Not Specified
	Part Number: Not Specified

Handle 0x0049, DMI type 17, 27 bytes
Memory Device
	Array Handle: 0x003A
	Error Information Handle: No Error
	Total Width: Unknown
	Data Width: Unknown
	Size: No Module Installed
	Form Factor: DIMM
	Set: None
	Locator: RAM slot #14
	Bank Locator: RAM slot #14
	Type: DRAM
	Type Detail: Unknown
	Speed: Unknown
	Manufacturer: Not Specified
	Serial Number: Not Specified
	Asset Tag: Not Specified
	Part Number: Not Specified

Handle 0x004A, DMI type 18, 23 bytes
32-bit Memory Error Information
	Type: OK
	Granularity: Unknown
	Operation: Unknown
	Vendor Syndrome: Unknown
	Memory Array Address: Unknown
	Device Address: Unknown
	Resolution: Unknown

Handle 0x004B, DMI type 19, 15 bytes
Memory Array Mapped Address
	Starting Address: 0x00000000000
	Ending Address: 0x0003FFFFFFF
	Range Size: 1 GB
	Physical Array Handle: 0x003A
	Partition Width: 15

Handle 0x004C, DMI type 20, 19 bytes
Memory Device Mapped Address
	Starting Address: 0x00000000000
	Ending Address: 0x0003FFFFFFF
	Range Size: 1 GB
	Physical Device Handle: 0x003B
	Memory Array Mapped Address Handle: 0x004B
	Partition Row Position: Unknown
	Interleave Position: Unknown
	Interleaved Data Depth: Unknown

Handle 0x004D, DMI type 20, 19 bytes
Memory Device Mapped Address
	Starting Address: 0x0003FFFFC00
	Ending Address: 0x0003FFFFFFF
	Range Size: 1 kB
	Physical Device Handle: 0x003C
	Memory Array Mapped Address Handle: 0x004B
	Partition Row Position: Unknown
	Interleave Position: Unknown
	Interleaved Data Depth: Unknown

Handle 0x004E, DMI type 20, 19 bytes
Memory Device Mapped Address
	Starting Address: 0x0003FFFFC00
	Ending Address: 0x0003FFFFFFF
	Range Size: 1 kB
	Physical Device Handle: 0x003D
	Memory Array Mapped Address Handle: 0x004B
	Partition Row Position: Unknown
	Interleave Position: Unknown
	Interleaved Data Depth: Unknown

Handle 0x004F, DMI type 20, 19 bytes
Memory Device Mapped Address
	Starting Address: 0x0003FFFFC00
	Ending Address: 0x0003FFFFFFF
	Range Size: 1 kB
	Physical Device Handle: 0x003E
	Memory Array Mapped Address Handle: 0x004B
	Partition Row Position: Unknown
	Interleave Position: Unknown
	Interleaved Data Depth: Unknown

Handle 0x0050, DMI type 20, 19 bytes
Memory Device Mapped Address
	Starting Address: 0x0003FFFFC00
	Ending Address: 0x0003FFFFFFF
	Range Size: 1 kB
	Physical Device Handle: 0x003F
	Memory Array Mapped Address Handle: 0x004B
	Partition Row Position: Unknown
	Interleave Position: Unknown
	Interleaved Data Depth: Unknown

Handle 0x0051, DMI type 20, 19 bytes
Memory Device Mapped Address
	Starting Address: 0x0003FFFFC00
	Ending Address: 0x0003FFFFFFF
	Range Size: 1 kB
	Physical Device Handle: 0x0040
	Memory Array Mapped Address Handle: 0x004B
	Partition Row Position: Unknown
	Interleave Position: Unknown
	Interleaved Data Depth: Unknown

Handle 0x0052, DMI type 20, 19 bytes
Memory Device Mapped Address
	Starting Address: 0x0003FFFFC00
	Ending Address: 0x0003FFFFFFF
	Range Size: 1 kB
	Physical Device Handle: 0x0041
	Memory Array Mapped Address Handle: 0x004B
	Partition Row Position: Unknown
	Interleave Position: Unknown
	Interleaved Data Depth: Unknown

Handle 0x0053, DMI type 20, 19 bytes
Memory Device Mapped Address
	Starting Address: 0x0003FFFFC00
	Ending Address: 0x0003FFFFFFF
	Range Size: 1 kB
	Physical Device Handle: 0x0042
	Memory Array Mapped Address Handle: 0x004B
	Partition Row Position: Unknown
	Interleave Position: Unknown
	Interleaved Data Depth: Unknown

Handle 0x0054, DMI type 20, 19 bytes
Memory Device Mapped Address
	Starting Address: 0x0003FFFFC00
	Ending Address: 0x0003FFFFFFF
	Range Size: 1 kB
	Physical Device Handle: 0x0043
	Memory Array Mapped Address Handle: 0x004B
	Partition Row Position: Unknown
	Interleave Position: Unknown
	Interleaved Data Depth: Unknown

Handle 0x0055, DMI type 20, 19 bytes
Memory Device Mapped Address
	Starting Address: 0x0003FFFFC00
	Ending Address: 0x0003FFFFFFF
	Range Size: 1 kB
	Physical Device Handle: 0x0044
	Memory Array Mapped Address Handle: 0x004B
	Partition Row Position: Unknown
	Interleave Position: Unknown
	Interleaved Data Depth: Unknown

Handle 0x0056, DMI type 20, 19 bytes
Memory Device Mapped Address
	Starting Address: 0x0003FFFFC00
	Ending Address: 0x0003FFFFFFF
	Range Size: 1 kB
	Physical Device Handle: 0x0045
	Memory Array Mapped Address Handle: 0x004B
	Partition Row Position: Unknown
	Interleave Position: Unknown
	Interleaved Data Depth: Unknown

Handle 0x0057, DMI type 20, 19 bytes
Memory Device Mapped Address
	Starting Address: 0x0003FFFFC00
	Ending Address: 0x0003FFFFFFF
	Range Size: 1 kB
	Physical Device Handle: 0x0046
	Memory Array Mapped Address Handle: 0x004B
	Partition Row Position: Unknown
	Interleave Position: Unknown
	Interleaved Data Depth: Unknown

Handle 0x0058, DMI type 20, 19 bytes
Memory Device Mapped Address
	Starting Address: 0x0003FFFFC00
	Ending Address: 0x0003FFFFFFF
	Range Size: 1 kB
	Physical Device Handle: 0x0047
	Memory Array Mapped Address Handle: 0x004B
	Partition Row Position: Unknown
	Interleave Position: Unknown
	Interleaved Data Depth: Unknown

Handle 0x0059, DMI type 20, 19 bytes
Memory Device Mapped Address
	Starting Address: 0x0003FFFFC00
	Ending Address: 0x0003FFFFFFF
	Range Size: 1 kB
	Physical Device Handle: 0x0048
	Memory Array Mapped Address Handle: 0x004B
	Partition Row Position: Unknown
	Interleave Position: Unknown
	Interleaved Data Depth: Unknown

Handle 0x005A, DMI type 20, 19 bytes
Memory Device Mapped Address
	Starting Address: 0x0003FFFFC00
	Ending Address: 0x0003FFFFFFF
	Range Size: 1 kB
	Physical Device Handle: 0x0049
	Memory Array Mapped Address Handle: 0x004B
	Partition Row Position: Unknown
	Interleave Position: Unknown
	Interleaved Data Depth: Unknown

Handle 0x005B, DMI type 23, 13 bytes
System Reset
	Status: Enabled
	Watchdog Timer: Present
	Boot Option: Do Not Reboot
	Boot Option On Limit: Do Not Reboot
	Reset Count: Unknown
	Reset Limit: Unknown
	Timer Interval: Unknown
	Timeout: Unknown

Handle 0x005C, DMI type 24, 5 bytes
Hardware Security
	Power-On Password Status: Disabled
	Keyboard Password Status: Unknown
	Administrator Password Status: Enabled
	Front Panel Reset Status: Unknown

Handle 0x005D, DMI type 30, 6 bytes
Out-of-band Remote Access
	Manufacturer Name: Intel
	Inbound Connection: Enabled
	Outbound Connection: Disabled

Handle 0x005E, DMI type 32, 20 bytes
System Boot Information
	Status: <OUT OF SPEC>

Handle 0x005F, DMI type 33, 31 bytes
64-bit Memory Error Information
	Type: OK
	Granularity: Unknown
	Operation: Unknown
	Vendor Syndrome: Unknown
	Memory Array Address: 0x0000000080000000
	Device Address: 0x0000000080000000
	Resolution: Unknown

Handle 0x0060, DMI type 126, 4 bytes
Inactive

Handle 0x0061, DMI type 127, 4 bytes
End Of Table


[2014-04-29 08:53:22] DEBUG - Sudo: Executing: which lsb_release
[2014-04-29 08:53:22] DEBUG - Opening /tmp/cntcmslhpqfa.tmp with mode: >
[2014-04-29 08:53:22] DEBUG - Shell/Bash: Got options:
[2014-04-29 08:53:22] DEBUG - $VAR1 = {
          'prepend_command' => 'perl /tmp/cntcmslhpqfa.tmp \'%05%14%08%091%0E%06%07\' | sudo  -p \'\' -S'
        };

[2014-04-29 08:53:22] DEBUG - sudo: exec: perl /tmp/cntcmslhpqfa.tmp '%05%14%08%091%0E%06%07' | sudo  -p '' -S sh -c "LC_ALL=C ; export LC_ALL; PATH=/bin:/sbin:/usr/bin:/usr/sbin:/usr/local/bin:/usr/local/sbin:/usr/pkg/bin:/usr/pkg/sbin; export PATH; which lsb_release  "
[2014-04-29 08:53:22] DEBUG - SSH/executing: perl /tmp/cntcmslhpqfa.tmp '%05%14%08%091%0E%06%07' | sudo  -p '' -S sh -c "LC_ALL=C ; export LC_ALL; PATH=/bin:/sbin:/usr/bin:/usr/sbin:/usr/local/bin:/usr/local/sbin:/usr/pkg/bin:/usr/pkg/sbin; export PATH; which lsb_release  "
[2014-04-29 08:53:22] DEBUG - /usr/bin/lsb_release

[2014-04-29 08:53:22] DEBUG - Sudo: Executing: lsb_release -s -i
[2014-04-29 08:53:22] DEBUG - Opening /tmp/mbefheiahmdn.tmp with mode: >
[2014-04-29 08:53:22] DEBUG - Shell/Bash: Got options:
[2014-04-29 08:53:22] DEBUG - $VAR1 = {
          'prepend_command' => 'perl /tmp/mbefheiahmdn.tmp \'%1C%09%01%141%05%12%0E\' | sudo  -p \'\' -S'
        };

[2014-04-29 08:53:22] DEBUG - sudo: exec: perl /tmp/mbefheiahmdn.tmp '%1C%09%01%141%05%12%0E' | sudo  -p '' -S sh -c "LC_ALL=C ; export LC_ALL; PATH=/bin:/sbin:/usr/bin:/usr/sbin:/usr/local/bin:/usr/local/sbin:/usr/pkg/bin:/usr/pkg/sbin; export PATH; lsb_release -s -i  "
[2014-04-29 08:53:22] DEBUG - SSH/executing: perl /tmp/mbefheiahmdn.tmp '%1C%09%01%141%05%12%0E' | sudo  -p '' -S sh -c "LC_ALL=C ; export LC_ALL; PATH=/bin:/sbin:/usr/bin:/usr/sbin:/usr/local/bin:/usr/local/sbin:/usr/pkg/bin:/usr/pkg/sbin; export PATH; lsb_release -s -i  "
[2014-04-29 08:53:22] DEBUG - Ubuntu

[2014-04-29 08:53:22] DEBUG - Sudo: Executing: hostname -f 2>/dev/null
[2014-04-29 08:53:22] DEBUG - Opening /tmp/vtrvgguhrxgf.tmp with mode: >
[2014-04-29 08:53:22] DEBUG - Shell/Bash: Got options:
[2014-04-29 08:53:22] DEBUG - $VAR1 = {
          'prepend_command' => 'perl /tmp/vtrvgguhrxgf.tmp \'%1B%0B%1C%1B1%12%16%12\' | sudo  -p \'\' -S'
        };

[2014-04-29 08:53:22] DEBUG - sudo: exec: perl /tmp/vtrvgguhrxgf.tmp '%1B%0B%1C%1B1%12%16%12' | sudo  -p '' -S sh -c "LC_ALL=C ; export LC_ALL; PATH=/bin:/sbin:/usr/bin:/usr/sbin:/usr/local/bin:/usr/local/sbin:/usr/pkg/bin:/usr/pkg/sbin; export PATH; hostname -f 2>/dev/null  "
[2014-04-29 08:53:22] DEBUG - SSH/executing: perl /tmp/vtrvgguhrxgf.tmp '%1B%0B%1C%1B1%12%16%12' | sudo  -p '' -S sh -c "LC_ALL=C ; export LC_ALL; PATH=/bin:/sbin:/usr/bin:/usr/sbin:/usr/local/bin:/usr/local/sbin:/usr/pkg/bin:/usr/pkg/sbin; export PATH; hostname -f 2>/dev/null  "
[2014-04-29 08:53:22] DEBUG - sng2c.vps.phps.kr

[2014-04-29 08:53:22] DEBUG - Sudo: Executing: hostname -f 2>/dev/null
[2014-04-29 08:53:22] DEBUG - Opening /tmp/jcdlontmqolj.tmp with mode: >
[2014-04-29 08:53:22] DEBUG - Shell/Bash: Got options:
[2014-04-29 08:53:22] DEBUG - $VAR1 = {
          'prepend_command' => 'perl /tmp/jcdlontmqolj.tmp \'%03%01%1E%15%25%02%12%0C\' | sudo  -p \'\' -S'
        };

[2014-04-29 08:53:22] DEBUG - sudo: exec: perl /tmp/jcdlontmqolj.tmp '%03%01%1E%15%25%02%12%0C' | sudo  -p '' -S sh -c "LC_ALL=C ; export LC_ALL; PATH=/bin:/sbin:/usr/bin:/usr/sbin:/usr/local/bin:/usr/local/sbin:/usr/pkg/bin:/usr/pkg/sbin; export PATH; hostname -f 2>/dev/null  "
[2014-04-29 08:53:22] DEBUG - SSH/executing: perl /tmp/jcdlontmqolj.tmp '%03%01%1E%15%25%02%12%0C' | sudo  -p '' -S sh -c "LC_ALL=C ; export LC_ALL; PATH=/bin:/sbin:/usr/bin:/usr/sbin:/usr/local/bin:/usr/local/sbin:/usr/pkg/bin:/usr/pkg/sbin; export PATH; hostname -f 2>/dev/null  "
[2014-04-29 08:53:22] DEBUG - sng2c.vps.phps.kr

[2014-04-29 08:53:22] DEBUG - Sudo: Executing: which lsb_release
[2014-04-29 08:53:22] DEBUG - Opening /tmp/yprhdxoumjpc.tmp with mode: >
[2014-04-29 08:53:22] DEBUG - Shell/Bash: Got options:
[2014-04-29 08:53:22] DEBUG - $VAR1 = {
          'prepend_command' => 'perl /tmp/yprhdxoumjpc.tmp \'%1A%1F%1B%124%0B%10%0D\' | sudo  -p \'\' -S'
        };

[2014-04-29 08:53:22] DEBUG - sudo: exec: perl /tmp/yprhdxoumjpc.tmp '%1A%1F%1B%124%0B%10%0D' | sudo  -p '' -S sh -c "LC_ALL=C ; export LC_ALL; PATH=/bin:/sbin:/usr/bin:/usr/sbin:/usr/local/bin:/usr/local/sbin:/usr/pkg/bin:/usr/pkg/sbin; export PATH; which lsb_release  "
[2014-04-29 08:53:22] DEBUG - SSH/executing: perl /tmp/yprhdxoumjpc.tmp '%1A%1F%1B%124%0B%10%0D' | sudo  -p '' -S sh -c "LC_ALL=C ; export LC_ALL; PATH=/bin:/sbin:/usr/bin:/usr/sbin:/usr/local/bin:/usr/local/sbin:/usr/pkg/bin:/usr/pkg/sbin; export PATH; which lsb_release  "
[2014-04-29 08:53:22] DEBUG - /usr/bin/lsb_release

[2014-04-29 08:53:22] DEBUG - Sudo: Executing: lsb_release -s -i
[2014-04-29 08:53:22] DEBUG - Opening /tmp/xygmdeltjwtu.tmp with mode: >
[2014-04-29 08:53:22] DEBUG - Shell/Bash: Got options:
[2014-04-29 08:53:22] DEBUG - $VAR1 = {
          'prepend_command' => 'perl /tmp/xygmdeltjwtu.tmp \'%0C%1C%0A%056%05%07%1D\' | sudo  -p \'\' -S'
        };

[2014-04-29 08:53:22] DEBUG - sudo: exec: perl /tmp/xygmdeltjwtu.tmp '%0C%1C%0A%056%05%07%1D' | sudo  -p '' -S sh -c "LC_ALL=C ; export LC_ALL; PATH=/bin:/sbin:/usr/bin:/usr/sbin:/usr/local/bin:/usr/local/sbin:/usr/pkg/bin:/usr/pkg/sbin; export PATH; lsb_release -s -i  "
[2014-04-29 08:53:22] DEBUG - SSH/executing: perl /tmp/xygmdeltjwtu.tmp '%0C%1C%0A%056%05%07%1D' | sudo  -p '' -S sh -c "LC_ALL=C ; export LC_ALL; PATH=/bin:/sbin:/usr/bin:/usr/sbin:/usr/local/bin:/usr/local/sbin:/usr/pkg/bin:/usr/pkg/sbin; export PATH; lsb_release -s -i  "
[2014-04-29 08:53:23] DEBUG - Ubuntu

[2014-04-29 08:53:23] DEBUG - Sudo: Executing: which lsb_release
[2014-04-29 08:53:23] DEBUG - Opening /tmp/xvbapqxtstwg.tmp with mode: >
[2014-04-29 08:53:23] DEBUG - Shell/Bash: Got options:
[2014-04-29 08:53:23] DEBUG - $VAR1 = {
          'prepend_command' => 'perl /tmp/xvbapqxtstwg.tmp \'%0D%0E%03%01%2E%0B%15%13\' | sudo  -p \'\' -S'
        };

[2014-04-29 08:53:23] DEBUG - sudo: exec: perl /tmp/xvbapqxtstwg.tmp '%0D%0E%03%01%2E%0B%15%13' | sudo  -p '' -S sh -c "LC_ALL=C ; export LC_ALL; PATH=/bin:/sbin:/usr/bin:/usr/sbin:/usr/local/bin:/usr/local/sbin:/usr/pkg/bin:/usr/pkg/sbin; export PATH; which lsb_release  "
[2014-04-29 08:53:23] DEBUG - SSH/executing: perl /tmp/xvbapqxtstwg.tmp '%0D%0E%03%01%2E%0B%15%13' | sudo  -p '' -S sh -c "LC_ALL=C ; export LC_ALL; PATH=/bin:/sbin:/usr/bin:/usr/sbin:/usr/local/bin:/usr/local/sbin:/usr/pkg/bin:/usr/pkg/sbin; export PATH; which lsb_release  "
[2014-04-29 08:53:23] DEBUG - /usr/bin/lsb_release

[2014-04-29 08:53:23] DEBUG - Sudo: Executing: lsb_release -r -s
[2014-04-29 08:53:23] DEBUG - Opening /tmp/jfbrggdlnidv.tmp with mode: >
[2014-04-29 08:53:23] DEBUG - Shell/Bash: Got options:
[2014-04-29 08:53:23] DEBUG - $VAR1 = {
          'prepend_command' => 'perl /tmp/jfbrggdlnidv.tmp \'%0C%02%1A%0E%21%13%05%1C\' | sudo  -p \'\' -S'
        };

[2014-04-29 08:53:23] DEBUG - sudo: exec: perl /tmp/jfbrggdlnidv.tmp '%0C%02%1A%0E%21%13%05%1C' | sudo  -p '' -S sh -c "LC_ALL=C ; export LC_ALL; PATH=/bin:/sbin:/usr/bin:/usr/sbin:/usr/local/bin:/usr/local/sbin:/usr/pkg/bin:/usr/pkg/sbin; export PATH; lsb_release -r -s  "
[2014-04-29 08:53:23] DEBUG - SSH/executing: perl /tmp/jfbrggdlnidv.tmp '%0C%02%1A%0E%21%13%05%1C' | sudo  -p '' -S sh -c "LC_ALL=C ; export LC_ALL; PATH=/bin:/sbin:/usr/bin:/usr/sbin:/usr/local/bin:/usr/local/sbin:/usr/pkg/bin:/usr/pkg/sbin; export PATH; lsb_release -r -s  "
[2014-04-29 08:53:23] DEBUG - 12.04

[2014-04-29 08:53:23] DEBUG - Sudo: Executing: lsb_release -d
[2014-04-29 08:53:23] DEBUG - Opening /tmp/etmgiuicdjtp.tmp with mode: >
[2014-04-29 08:53:23] DEBUG - Shell/Bash: Got options:
[2014-04-29 08:53:23] DEBUG - $VAR1 = {
          'prepend_command' => 'perl /tmp/etmgiuicdjtp.tmp \'%0E%02%02%0E%21%03%0D%06\' | sudo  -p \'\' -S'
        };

[2014-04-29 08:53:23] DEBUG - sudo: exec: perl /tmp/etmgiuicdjtp.tmp '%0E%02%02%0E%21%03%0D%06' | sudo  -p '' -S sh -c "LC_ALL=C ; export LC_ALL; PATH=/bin:/sbin:/usr/bin:/usr/sbin:/usr/local/bin:/usr/local/sbin:/usr/pkg/bin:/usr/pkg/sbin; export PATH; lsb_release -d  "
[2014-04-29 08:53:23] DEBUG - SSH/executing: perl /tmp/etmgiuicdjtp.tmp '%0E%02%02%0E%21%03%0D%06' | sudo  -p '' -S sh -c "LC_ALL=C ; export LC_ALL; PATH=/bin:/sbin:/usr/bin:/usr/sbin:/usr/local/bin:/usr/local/sbin:/usr/pkg/bin:/usr/pkg/sbin; export PATH; lsb_release -d  "
[2014-04-29 08:53:23] DEBUG - Description:	Ubuntu 12.04.4 LTS

[2014-04-29 08:53:23] DEBUG - Sudo: Executing: which lsb_release
[2014-04-29 08:53:23] DEBUG - Opening /tmp/yncmjwdfqpqp.tmp with mode: >
[2014-04-29 08:53:23] DEBUG - Shell/Bash: Got options:
[2014-04-29 08:53:23] DEBUG - $VAR1 = {
          'prepend_command' => 'perl /tmp/yncmjwdfqpqp.tmp \'%04%1D%07%1A%28%14%02%09\' | sudo  -p \'\' -S'
        };

[2014-04-29 08:53:23] DEBUG - sudo: exec: perl /tmp/yncmjwdfqpqp.tmp '%04%1D%07%1A%28%14%02%09' | sudo  -p '' -S sh -c "LC_ALL=C ; export LC_ALL; PATH=/bin:/sbin:/usr/bin:/usr/sbin:/usr/local/bin:/usr/local/sbin:/usr/pkg/bin:/usr/pkg/sbin; export PATH; which lsb_release  "
[2014-04-29 08:53:23] DEBUG - SSH/executing: perl /tmp/yncmjwdfqpqp.tmp '%04%1D%07%1A%28%14%02%09' | sudo  -p '' -S sh -c "LC_ALL=C ; export LC_ALL; PATH=/bin:/sbin:/usr/bin:/usr/sbin:/usr/local/bin:/usr/local/sbin:/usr/pkg/bin:/usr/pkg/sbin; export PATH; which lsb_release  "
[2014-04-29 08:53:23] DEBUG - /usr/bin/lsb_release

[2014-04-29 08:53:23] DEBUG - Sudo: Executing: lsb_release -s -i
[2014-04-29 08:53:23] DEBUG - Opening /tmp/lyfoqqwphtyx.tmp with mode: >
[2014-04-29 08:53:23] DEBUG - Shell/Bash: Got options:
[2014-04-29 08:53:23] DEBUG - $VAR1 = {
          'prepend_command' => 'perl /tmp/lyfoqqwphtyx.tmp \'%10%01%1A%04%2F%09%1A%06\' | sudo  -p \'\' -S'
        };

[2014-04-29 08:53:23] DEBUG - sudo: exec: perl /tmp/lyfoqqwphtyx.tmp '%10%01%1A%04%2F%09%1A%06' | sudo  -p '' -S sh -c "LC_ALL=C ; export LC_ALL; PATH=/bin:/sbin:/usr/bin:/usr/sbin:/usr/local/bin:/usr/local/sbin:/usr/pkg/bin:/usr/pkg/sbin; export PATH; lsb_release -s -i  "
[2014-04-29 08:53:23] DEBUG - SSH/executing: perl /tmp/lyfoqqwphtyx.tmp '%10%01%1A%04%2F%09%1A%06' | sudo  -p '' -S sh -c "LC_ALL=C ; export LC_ALL; PATH=/bin:/sbin:/usr/bin:/usr/sbin:/usr/local/bin:/usr/local/sbin:/usr/pkg/bin:/usr/pkg/sbin; export PATH; lsb_release -s -i  "
[2014-04-29 08:53:23] DEBUG - Ubuntu

[2014-04-29 08:53:23] DEBUG - Sudo: Executing: which lsb_release
[2014-04-29 08:53:23] DEBUG - Opening /tmp/gauqmsaonvar.tmp with mode: >
[2014-04-29 08:53:23] DEBUG - Shell/Bash: Got options:
[2014-04-29 08:53:23] DEBUG - $VAR1 = {
          'prepend_command' => 'perl /tmp/gauqmsaonvar.tmp \'%18%0E%01%1B%27%0E%1B%0F\' | sudo  -p \'\' -S'
        };

[2014-04-29 08:53:23] DEBUG - sudo: exec: perl /tmp/gauqmsaonvar.tmp '%18%0E%01%1B%27%0E%1B%0F' | sudo  -p '' -S sh -c "LC_ALL=C ; export LC_ALL; PATH=/bin:/sbin:/usr/bin:/usr/sbin:/usr/local/bin:/usr/local/sbin:/usr/pkg/bin:/usr/pkg/sbin; export PATH; which lsb_release  "
[2014-04-29 08:53:23] DEBUG - SSH/executing: perl /tmp/gauqmsaonvar.tmp '%18%0E%01%1B%27%0E%1B%0F' | sudo  -p '' -S sh -c "LC_ALL=C ; export LC_ALL; PATH=/bin:/sbin:/usr/bin:/usr/sbin:/usr/local/bin:/usr/local/sbin:/usr/pkg/bin:/usr/pkg/sbin; export PATH; which lsb_release  "
[2014-04-29 08:53:23] DEBUG - /usr/bin/lsb_release

[2014-04-29 08:53:23] DEBUG - Sudo: Executing: lsb_release -r -s
[2014-04-29 08:53:23] DEBUG - Opening /tmp/yrrdwlroypyv.tmp with mode: >
[2014-04-29 08:53:23] DEBUG - Shell/Bash: Got options:
[2014-04-29 08:53:23] DEBUG - $VAR1 = {
          'prepend_command' => 'perl /tmp/yrrdwlroypyv.tmp \'%19%1E%00%0C5%0B%14%09\' | sudo  -p \'\' -S'
        };

[2014-04-29 08:53:23] DEBUG - sudo: exec: perl /tmp/yrrdwlroypyv.tmp '%19%1E%00%0C5%0B%14%09' | sudo  -p '' -S sh -c "LC_ALL=C ; export LC_ALL; PATH=/bin:/sbin:/usr/bin:/usr/sbin:/usr/local/bin:/usr/local/sbin:/usr/pkg/bin:/usr/pkg/sbin; export PATH; lsb_release -r -s  "
[2014-04-29 08:53:23] DEBUG - SSH/executing: perl /tmp/yrrdwlroypyv.tmp '%19%1E%00%0C5%0B%14%09' | sudo  -p '' -S sh -c "LC_ALL=C ; export LC_ALL; PATH=/bin:/sbin:/usr/bin:/usr/sbin:/usr/local/bin:/usr/local/sbin:/usr/pkg/bin:/usr/pkg/sbin; export PATH; lsb_release -r -s  "
[2014-04-29 08:53:24] DEBUG - 12.04

[2014-04-29 08:53:24] DEBUG - Sudo: Executing: lsb_release -d
[2014-04-29 08:53:24] DEBUG - Opening /tmp/nsbwaogiablx.tmp with mode: >
[2014-04-29 08:53:24] DEBUG - Shell/Bash: Got options:
[2014-04-29 08:53:24] DEBUG - $VAR1 = {
          'prepend_command' => 'perl /tmp/nsbwaogiablx.tmp \'%0D%04%03%176%12%00%0F\' | sudo  -p \'\' -S'
        };

[2014-04-29 08:53:24] DEBUG - sudo: exec: perl /tmp/nsbwaogiablx.tmp '%0D%04%03%176%12%00%0F' | sudo  -p '' -S sh -c "LC_ALL=C ; export LC_ALL; PATH=/bin:/sbin:/usr/bin:/usr/sbin:/usr/local/bin:/usr/local/sbin:/usr/pkg/bin:/usr/pkg/sbin; export PATH; lsb_release -d  "
[2014-04-29 08:53:24] DEBUG - SSH/executing: perl /tmp/nsbwaogiablx.tmp '%0D%04%03%176%12%00%0F' | sudo  -p '' -S sh -c "LC_ALL=C ; export LC_ALL; PATH=/bin:/sbin:/usr/bin:/usr/sbin:/usr/local/bin:/usr/local/sbin:/usr/pkg/bin:/usr/pkg/sbin; export PATH; lsb_release -d  "
[2014-04-29 08:53:24] DEBUG - Description:	Ubuntu 12.04.4 LTS

[2014-04-29 08:53:24] DEBUG - Sudo: Executing: uname -s
[2014-04-29 08:53:24] DEBUG - Opening /tmp/lxsmegwcgcwh.tmp with mode: >
[2014-04-29 08:53:24] DEBUG - Shell/Bash: Got options:
[2014-04-29 08:53:24] DEBUG - $VAR1 = {
          'prepend_command' => 'perl /tmp/lxsmegwcgcwh.tmp \'%07%05%15%17%2B%17%01%0F\' | sudo  -p \'\' -S'
        };

[2014-04-29 08:53:24] DEBUG - sudo: exec: perl /tmp/lxsmegwcgcwh.tmp '%07%05%15%17%2B%17%01%0F' | sudo  -p '' -S sh -c "LC_ALL=C ; export LC_ALL; PATH=/bin:/sbin:/usr/bin:/usr/sbin:/usr/local/bin:/usr/local/sbin:/usr/pkg/bin:/usr/pkg/sbin; export PATH; uname -s  "
[2014-04-29 08:53:24] DEBUG - SSH/executing: perl /tmp/lxsmegwcgcwh.tmp '%07%05%15%17%2B%17%01%0F' | sudo  -p '' -S sh -c "LC_ALL=C ; export LC_ALL; PATH=/bin:/sbin:/usr/bin:/usr/sbin:/usr/local/bin:/usr/local/sbin:/usr/pkg/bin:/usr/pkg/sbin; export PATH; uname -s  "
[2014-04-29 08:53:24] DEBUG - Linux

[2014-04-29 08:53:24] DEBUG - Using Rex::Pkg::Ubuntu for package management
[2014-04-29 08:53:24] DEBUG - Checking if redis-server is installed
[2014-04-29 08:53:24] DEBUG - Sudo: Executing: dpkg-query -W --showformat "\${Status} \${Package}|\${Version}\n" redis-server
[2014-04-29 08:53:24] DEBUG - Opening /tmp/bnwqyekgddue.tmp with mode: >
[2014-04-29 08:53:24] DEBUG - Shell/Bash: Got options:
[2014-04-29 08:53:24] DEBUG - $VAR1 = {
          'prepend_command' => 'perl /tmp/bnwqyekgddue.tmp \'%0B%02%0E%03%2F%04%0D%07\' | sudo  -p \'\' -S'
        };

[2014-04-29 08:53:24] DEBUG - sudo: exec: perl /tmp/bnwqyekgddue.tmp '%0B%02%0E%03%2F%04%0D%07' | sudo  -p '' -S sh -c "LC_ALL=C ; export LC_ALL; PATH=/bin:/sbin:/usr/bin:/usr/sbin:/usr/local/bin:/usr/local/sbin:/usr/pkg/bin:/usr/pkg/sbin; export PATH; dpkg-query -W --showformat \"\\\${Status} \\\${Package}|\\\${Version}\\n\" redis-server  "
[2014-04-29 08:53:24] DEBUG - SSH/executing: perl /tmp/bnwqyekgddue.tmp '%0B%02%0E%03%2F%04%0D%07' | sudo  -p '' -S sh -c "LC_ALL=C ; export LC_ALL; PATH=/bin:/sbin:/usr/bin:/usr/sbin:/usr/local/bin:/usr/local/sbin:/usr/pkg/bin:/usr/pkg/sbin; export PATH; dpkg-query -W --showformat \"\\\${Status} \\\${Package}|\\\${Version}\\n\" redis-server  "
[2014-04-29 08:53:24] DEBUG - No packages found matching redis-server.

[2014-04-29 08:53:24] DEBUG - redis-server is NOT installed.
[2014-04-29 08:53:24] INFO - Installing redis-server.
[2014-04-29 08:53:24] DEBUG - Checking if redis-server is installed
[2014-04-29 08:53:24] DEBUG - Sudo: Executing: dpkg-query -W --showformat "\${Status} \${Package}|\${Version}\n" redis-server
[2014-04-29 08:53:24] DEBUG - Opening /tmp/fhamepbfxeci.tmp with mode: >
[2014-04-29 08:53:24] DEBUG - Shell/Bash: Got options:
[2014-04-29 08:53:24] DEBUG - $VAR1 = {
          'prepend_command' => 'perl /tmp/fhamepbfxeci.tmp \'%1D%00%0D%0E%2B%08%04%03\' | sudo  -p \'\' -S'
        };

[2014-04-29 08:53:24] DEBUG - sudo: exec: perl /tmp/fhamepbfxeci.tmp '%1D%00%0D%0E%2B%08%04%03' | sudo  -p '' -S sh -c "LC_ALL=C ; export LC_ALL; PATH=/bin:/sbin:/usr/bin:/usr/sbin:/usr/local/bin:/usr/local/sbin:/usr/pkg/bin:/usr/pkg/sbin; export PATH; dpkg-query -W --showformat \"\\\${Status} \\\${Package}|\\\${Version}\\n\" redis-server  "
[2014-04-29 08:53:24] DEBUG - SSH/executing: perl /tmp/fhamepbfxeci.tmp '%1D%00%0D%0E%2B%08%04%03' | sudo  -p '' -S sh -c "LC_ALL=C ; export LC_ALL; PATH=/bin:/sbin:/usr/bin:/usr/sbin:/usr/local/bin:/usr/local/sbin:/usr/pkg/bin:/usr/pkg/sbin; export PATH; dpkg-query -W --showformat \"\\\${Status} \\\${Package}|\\\${Version}\\n\" redis-server  "
[2014-04-29 08:53:24] DEBUG - No packages found matching redis-server.

[2014-04-29 08:53:24] DEBUG - redis-server is NOT installed.
[2014-04-29 08:53:24] DEBUG - Installing redis-server / 
[2014-04-29 08:53:24] DEBUG - Sudo: Executing: DEBIAN_FRONTEND=noninteractive apt-get -o Dpkg::Options::=--force-confold --force-yes -y install redis-server
[2014-04-29 08:53:24] DEBUG - Opening /tmp/wjecbphjirda.tmp with mode: >
[2014-04-29 08:53:24] DEBUG - Shell/Bash: Got options:
[2014-04-29 08:53:24] DEBUG - $VAR1 = {
          'prepend_command' => 'perl /tmp/wjecbphjirda.tmp \'%1E%04%08%0D9%00%02%08\' | sudo  -p \'\' -S'
        };

[2014-04-29 08:53:24] DEBUG - sudo: exec: perl /tmp/wjecbphjirda.tmp '%1E%04%08%0D9%00%02%08' | sudo  -p '' -S sh -c "LC_ALL=C ; export LC_ALL; PATH=/bin:/sbin:/usr/bin:/usr/sbin:/usr/local/bin:/usr/local/sbin:/usr/pkg/bin:/usr/pkg/sbin; export PATH; DEBIAN_FRONTEND=noninteractive apt-get -o Dpkg::Options::=--force-confold --force-yes -y install redis-server  "
[2014-04-29 08:53:24] DEBUG - SSH/executing: perl /tmp/wjecbphjirda.tmp '%1E%04%08%0D9%00%02%08' | sudo  -p '' -S sh -c "LC_ALL=C ; export LC_ALL; PATH=/bin:/sbin:/usr/bin:/usr/sbin:/usr/local/bin:/usr/local/sbin:/usr/pkg/bin:/usr/pkg/sbin; export PATH; DEBIAN_FRONTEND=noninteractive apt-get -o Dpkg::Options::=--force-confold --force-yes -y install redis-server  "
[2014-04-29 08:53:28] DEBUG - Reading package lists... 0%Reading package lists... 100%Reading package lists... Done
Building dependency tree... 0%Building dependency tree... 0%Building dependency tree... 50%Building dependency tree... 50%Building dependency tree       
Reading state information... 0%Reading state information... 0%Reading state information... Done
The following NEW packages will be installed:
  redis-server
0 upgraded, 1 newly installed, 0 to remove and 20 not upgraded.
Need to get 204 kB of archives.
After this operation, 523 kB of additional disk space will be used.
0% [Working]            Get:1 http://kr.archive.ubuntu.com/ubuntu/ precise/universe redis-server amd64 2:2.2.12-1build1 [204 kB]
            0% [1 redis-server 0 B/204 kB 0%]                                 100% [Working]              Fetched 204 kB in 0s (3401 kB/s)
Selecting previously unselected package redis-server.
(Reading database ... (Reading database ... 5%(Reading database ... 10%(Reading database ... 15%(Reading database ... 20%(Reading database ... 25%(Reading database ... 30%(Reading database ... 35%(Reading database ... 40%(Reading database ... 45%(Reading database ... 50%(Reading database ... 55%(Reading database ... 60%(Reading database ... 65%(Reading database ... 70%(Reading database ... 75%(Reading database ... 80%(Reading database ... 85%(Reading database ... 90%(Reading database ... 95%(Reading database ... 100%(Reading database ... 124434 files and directories currently installed.)
Unpacking redis-server (from .../redis-server_2%3a2.2.12-1build1_amd64.deb) ...
Processing triggers for ureadahead ...
ureadahead will be reprofiled on next reboot
Processing triggers for man-db ...
Setting up redis-server (2:2.2.12-1build1) ...
Starting redis-server: redis-server.

[2014-04-29 08:53:28] DEBUG - redis-server successfully installed.
[2014-04-29 08:53:28] DEBUG - Running postponed notifications.
[2014-04-29 08:53:28] DEBUG - Connections in queue: 1
[2014-04-29 08:53:28] DEBUG - Destroying all cached os information
[2014-04-29 08:53:28] DEBUG - Waiting for children to finish
[2014-04-29 08:53:28] DEBUG - Need to reinitialize connections.
[2014-04-29 08:53:28] DEBUG - Removing lockfile
[2014-04-29 08:53:28] INFO - Exiting Rex...
[2014-04-29 08:53:28] INFO - Cleaning up...
[2014-04-29 08:57:50] INFO - Running task remove_redis on mabook.com
[2014-04-29 08:57:50] INFO - Connecting to mabook.com:22 (sng2c)
[2014-04-29 08:57:50] INFO - Connected to mabook.com, trying to authenticate.
[2014-04-29 08:57:51] INFO - Successfully authenticated on mabook.com.
[2014-04-29 08:57:54] INFO - Removing redis-server.
[2014-04-29 08:57:58] INFO - Exiting Rex...
[2014-04-29 08:57:58] INFO - Cleaning up...
