BEGIN
WORK 1
WORK 2
INT
END
BEGIN
WORK 1
WORK 2
WORK 3
WORK 4
WORK 5
WORK 6
WORK 7
WORK 8
WORK 9
WORK 10
WORK 11
WORK 12
WORK 13
WORK 14
WORK 15
WORK 16
WORK 17
TERM
END
BEGIN
WORK 1
WORK 2
WORK 3
WORK 4
WORK 5
WORK 6
WORK 7
WORK 8
WORK 9
WORK 10
WORK 11
WORK 12
WORK 13
WORK 14
WORK 15
WORK 16
WORK 17
WORK 18
WORK 19
WORK 20
WORK 21
WORK 22
WORK 23
WORK 24
WORK 25
WORK 26
WORK 27
WORK 28
WORK 29
WORK 30
WORK 31
WORK 32
WORK 33
WORK 34
WORK 35
WORK 36
WORK 37
WORK 38
WORK 39
WORK 40
WORK 41
WORK 42
WORK 43
WORK 44
WORK 45
WORK 46
WORK 47
WORK 48
WORK 49
WORK 50
WORK 51
WORK 52
WORK 53
WORK 54
WORK 55
WORK 56
WORK 57
WORK 58
WORK 59
WORK 60
WORK 61
WORK 62
WORK 63
TERM
END
BEGIN
WORK 1
WORK 2
WORK 3
WORK 4
WORK 5
WORK 6
WORK 7
WORK 8
WORK 9
WORK 10
WORK 11
WORK 12
WORK 13
WORK 14
WORK 15
WORK 16
WORK 17
WORK 18
WORK 19
WORK 20
WORK 21
WORK 22
WORK 23
WORK 24
WORK 25
WORK 26
TERM
END
BEGIN
WORK 1
WORK 2
WORK 3
WORK 4
WORK 5
WORK 6
WORK 7
WORK 8
WORK 9
WORK 10
WORK 11
WORK 12
WORK 13
WORK 14
WORK 15
WORK 16
WORK 17
WORK 18
WORK 19
WORK 20
TERM
END
BEGIN
WORK 1
WORK 2
WORK 3
WORK 4
WORK 5
WORK 6
WORK 7
WORK 8
WORK 9
TERM
END
BEGIN
WORK 1
WORK 2
WORK 3
WORK 4
WORK 5
WORK 6
WORK 7
WORK 8
WORK 9
WORK 10
WORK 11
WORK 12
WORK 13
WORK 14
WORK 15
WORK 16
WORK 17
WORK 18
WORK 19
WORK 20
WORK 21
WORK 22
WORK 23
WORK 24
WORK 25
WORK 26
WORK 27
WORK 28
WORK 29
WORK 30
WORK 31
WORK 32
WORK 33
WORK 34
WORK 35
WORK 36
WORK 37
WORK 38
WORK 39
WORK 40
WORK 41
WORK 42
WORK 43
WORK 44
WORK 45
WORK 46
WORK 47
WORK 48
WORK 49
WORK 50
WORK 51
WORK 52
WORK 53
WORK 54
WORK 55
WORK 56
WORK 57
TERM
END
BEGIN
WORK 1
WORK 2
WORK 3
WORK 4
WORK 5
WORK 6
WORK 7
BEGIN
WORK 1
WORK 2
WORK 3
WORK 4
WORK 5
WORK 6
WORK 7
WORK 8
WORK 9
WORK 10
WORK 11
WORK 12
WORK 13
WORK 14
WORK 15
WORK 16
WORK 17
WORK 18
WORK 19
WORK 20
WORK 21
WORK 22
WORK 23
WORK 24
WORK 25
WORK 26
WORK 27
WORK 28
WORK 29
WORK 30
WORK 31
WORK 32
WORK 33
WORK 34
WORK 35
WORK 36
WORK 37
WORK 38
WORK 39
WORK 40
WORK 41
WORK 42
WORK 43
WORK 44
WORK 45
WORK 46
WORK 47
WORK 48
WORK 49
WORK 50
WORK 51
WORK 52
WORK 53
WORK 54
WORK 55
WORK 56
WORK 57
WORK 58
WORK 59
WORK 60
WORK 61
WORK 62
WORK 63
WORK 64
WORK 65
WORK 66
WORK 67
WORK 68
WORK 69
WORK 70
WORK 71
WORK 72
WORK 73
WORK 74
WORK 75
WORK 76
WORK 77
WORK 78
WORK 79
WORK 80
WORK 81
WORK 82
WORK 83
WORK 84
WORK 85
WORK 86
WORK 87
WORK 88
WORK 89
WORK 90
WORK 91
WORK 92
WORK 93
WORK 94
WORK 95
WORK 96
WORK 97
WORK 98
WORK 99
WORK 100
WORK 101
WORK 102
WORK 103
WORK 104
WORK 105
WORK 106
WORK 107
WORK 108
WORK 109
WORK 110
WORK 111
WORK 112
WORK 113
WORK 114
WORK 115
WORK 116
WORK 117
WORK 118
WORK 119
WORK 120
WORK 121
WORK 122
WORK 123
WORK 124
WORK 125
WORK 126
WORK 127
WORK 128
WORK 129
WORK 130
WORK 131
WORK 132
WORK 133
WORK 134
WORK 135
WORK 136
WORK 137
WORK 138
WORK 139
WORK 140
WORK 141
WORK 142
WORK 143
WORK 144
WORK 145
WORK 146
WORK 147
WORK 148
WORK 149
WORK 150
WORK 151
WORK 152
WORK 153
WORK 154
WORK 155
WORK 156
WORK 157
WORK 158
WORK 159
WORK 160
WORK 161
WORK 162
WORK 163
WORK 164
WORK 165
WORK 166
WORK 167
WORK 168
WORK 169
WORK 170
WORK 171
WORK 172
WORK 173
WORK 174
WORK 175
WORK 176
WORK 177
WORK 178
WORK 179
WORK 180
WORK 181
WORK 182
WORK 183
WORK 184
WORK 185
WORK 186
WORK 187
WORK 188
WORK 189
WORK 190
WORK 191
WORK 192
WORK 193
WORK 194
WORK 195
WORK 196
WORK 197
WORK 198
WORK 199
WORK 200
WORK 201
WORK 202
WORK 203
WORK 204
WORK 205
WORK 206
WORK 207
WORK 208
WORK 209
WORK 210
WORK 211
WORK 212
TERM
END
BEGIN
WORK 1
WORK 2
WORK 3
WORK 4
USR2 : Restart !!
WORK 5
WORK 6
WORK 7
WORK 8
WORK 9
WORK 10
WORK 11
WORK 12
WORK 13
WORK 14
WORK 15
USR2 : Restart !!
WORK 16
WORK 17
WORK 18
WORK 19
WORK 20
WORK 21
WORK 22
WORK 23
WORK 24
TERM
END
BEGIN
WORK 1
WORK 2
WORK 3
USR2 : Restart !!
(,signal.pl,)
WORK 4
WORK 5
WORK 6
WORK 7
WORK 8
WORK 9
WORK 10
WORK 11
WORK 12
WORK 13
TERM
END
BEGIN
WORK 1
WORK 2
USR2 : Restart !!
(perl,signal.pl,)
WORK 3
WORK 4
WORK 5
WORK 6
WORK 7
WORK 8
WORK 9
WORK 10
WORK 11
WORK 12
WORK 13
BEGIN
WORK 1
WORK 14
WORK 2
WORK 15
TERM
END
WORK 16
WORK 17
WORK 18
TERM
END
BEGIN
WORK 1
WORK 2
WORK 3
WORK 4
WORK 5
WORK 6
WORK 7
USR2 : Restart !!
BEGIN
WORK 1
WORK 2
WORK 3
WORK 4
WORK 5
WORK 6
WORK 7
WORK 8
WORK 9
WORK 10
WORK 11
WORK 12
WORK 13
WORK 14
WORK 15
WORK 16
WORK 17
WORK 18
WORK 19
WORK 20
WORK 21
WORK 22
WORK 23
WORK 24
WORK 25
WORK 26
WORK 27
WORK 28
WORK 29
WORK 30
WORK 31
WORK 32
WORK 33
WORK 34
WORK 35
TERM
END
BEGIN
WORK 1
WORK 2
WORK 3
WORK 4
WORK 5
WORK 6
WORK 7
WORK 8
WORK 9
WORK 10
WORK 11
WORK 12
WORK 13
WORK 14
USR1 : Hello World!
WORK 15
WORK 16
USR1 : Hello World!
WORK 17
WORK 18
WORK 19
USR2 : Restart !!
BEGIN
WORK 1
WORK 2
WORK 3
WORK 4
WORK 5
USR1 : Hello World!
WORK 6
WORK 7
WORK 8
WORK 9
WORK 10
WORK 11
WORK 12
WORK 13
WORK 14
WORK 15
WORK 16
WORK 17
WORK 18
WORK 19
WORK 20
WORK 21
WORK 22
WORK 23
WORK 24
WORK 25
WORK 26
WORK 27
WORK 28
WORK 29
WORK 30
WORK 31
WORK 32
WORK 33
WORK 34
WORK 35
WORK 36
WORK 37
WORK 38
WORK 39
WORK 40
WORK 41
WORK 42
WORK 43
WORK 44
WORK 45
WORK 46
WORK 47
WORK 48
WORK 49
WORK 50
WORK 51
WORK 52
WORK 53
WORK 54
WORK 55
WORK 56
WORK 57
WORK 58
WORK 59
WORK 60
WORK 61
WORK 62
WORK 63
WORK 64
WORK 65
BEGIN
WORK 1
WORK 66
WORK 2
WORK 67
WORK 3
WORK 68
WORK 4
WORK 69
WORK 5
WORK 70
WORK 6
TERM
TERM
END
END
BEGIN
WORK 1
WORK 2
WORK 3
USR2 : Restart !!
WORK 1
WORK 2
WORK 3
USR2 : Restart !!
WORK 1
WORK 2
WORK 3
WORK 4
USR1 : Hello World!
WORK 5
WORK 6
USR1 : Hello World!
WORK 7
WORK 8
WORK 9
USR2 : Restart !!
WORK 1
WORK 2
WORK 3
WORK 4
WORK 5
WORK 6
WORK 7
WORK 8
WORK 9
WORK 10
WORK 11
WORK 12
WORK 13
WORK 14
WORK 15
WORK 16
WORK 17
WORK 18
WORK 19
WORK 20
WORK 21
WORK 22
WORK 23
WORK 24
WORK 25
WORK 26
WORK 27
WORK 28
WORK 29
WORK 30
WORK 31
WORK 32
WORK 33
WORK 34
WORK 35
WORK 36
WORK 37
WORK 38
WORK 39
WORK 40
WORK 41
WORK 42
WORK 43
WORK 44
WORK 45
WORK 46
WORK 47
WORK 48
WORK 49
WORK 50
WORK 51
WORK 52
WORK 53
WORK 54
WORK 55
WORK 56
WORK 57
WORK 58
WORK 59
WORK 60
WORK 61
WORK 62
WORK 63
WORK 64
WORK 65
WORK 66
WORK 67
WORK 68
WORK 69
WORK 70
WORK 71
WORK 72
WORK 73
WORK 74
WORK 75
WORK 76
WORK 77
WORK 78
WORK 79
WORK 80
WORK 81
WORK 82
WORK 83
WORK 84
WORK 85
WORK 86
WORK 87
WORK 88
WORK 89
WORK 90
WORK 91
WORK 92
WORK 93
WORK 94
WORK 95
WORK 96
WORK 97
WORK 98
WORK 99
WORK 100
WORK 101
WORK 102
WORK 103
WORK 104
WORK 105
WORK 106
WORK 107
WORK 108
WORK 109
WORK 110
WORK 111
WORK 112
WORK 113
WORK 114
WORK 115
WORK 116
WORK 117
WORK 118
WORK 119
WORK 120
WORK 121
WORK 122
WORK 123
WORK 124
WORK 125
WORK 126
WORK 127
WORK 128
WORK 129
WORK 130
WORK 131
WORK 132
WORK 133
WORK 134
WORK 135
WORK 136
WORK 137
WORK 138
WORK 139
WORK 140
WORK 141
WORK 142
WORK 143
WORK 144
WORK 145
WORK 146
WORK 147
WORK 148
WORK 149
WORK 150
WORK 151
WORK 152
WORK 153
WORK 154
WORK 155
WORK 156
WORK 157
WORK 158
WORK 159
WORK 160
WORK 161
WORK 162
WORK 163
WORK 164
WORK 165
WORK 166
WORK 167
WORK 168
WORK 169
WORK 170
WORK 171
WORK 172
WORK 173
WORK 174
WORK 175
WORK 176
WORK 177
WORK 178
WORK 179
WORK 180
WORK 181
WORK 182
WORK 183
WORK 184
WORK 185
WORK 186
WORK 187
WORK 188
WORK 189
WORK 190
WORK 191
WORK 192
WORK 193
WORK 194
WORK 195
WORK 196
WORK 197
WORK 198
WORK 199
WORK 200
WORK 201
WORK 202
WORK 203
WORK 204
WORK 205
WORK 206
WORK 207
WORK 208
BEGIN
WORK 1
WORK 209
WORK 2
WORK 210
WORK 3
WORK 211
WORK 4
WORK 212
WORK 5
WORK 213
WORK 6
WORK 214
WORK 7
WORK 215
WORK 8
WORK 216
WORK 9
WORK 217
WORK 10
WORK 218
WORK 11
WORK 219
WORK 12
WORK 220
WORK 13
WORK 221
WORK 14
WORK 222
WORK 15
WORK 223
WORK 16
WORK 224
WORK 17
WORK 225
WORK 18
WORK 226
WORK 19
WORK 227
WORK 20
WORK 228
WORK 21
WORK 229
WORK 22
WORK 230
WORK 23
WORK 231
WORK 24
WORK 232
WORK 25
WORK 233
WORK 26
WORK 234
WORK 27
WORK 235
WORK 28
WORK 236
WORK 29
WORK 237
WORK 30
WORK 238
WORK 31
WORK 239
WORK 32
WORK 240
WORK 33
WORK 241
WORK 34
WORK 242
WORK 35
WORK 243
WORK 36
WORK 244
WORK 37
WORK 245
WORK 38
WORK 246
WORK 39
WORK 247
WORK 40
WORK 248
WORK 41
WORK 249
WORK 42
WORK 250
WORK 43
WORK 251
WORK 44
WORK 252
WORK 45
WORK 253
WORK 46
WORK 254
WORK 47
WORK 255
WORK 48
WORK 256
WORK 49
WORK 257
WORK 50
WORK 258
WORK 51
WORK 259
WORK 52
WORK 260
WORK 53
WORK 261
WORK 54
WORK 262
WORK 55
WORK 263
WORK 56
WORK 264
WORK 57
WORK 265
WORK 58
WORK 266
WORK 59
WORK 267
WORK 60
WORK 268
WORK 61
WORK 269
WORK 62
WORK 270
WORK 63
WORK 271
WORK 64
WORK 272
TERM
END
WORK 273
WORK 274
WORK 275
BEGIN
WORK 1
WORK 276
WORK 2
WORK 277
WORK 3
WORK 278
WORK 4
WORK 279
WORK 5
WORK 280
WORK 6
WORK 281
WORK 7
WORK 282
WORK 8
WORK 283
WORK 9
WORK 284
WORK 10
WORK 285
WORK 11
TERM
END
WORK 286
WORK 287
WORK 288
WORK 289
WORK 290
WORK 291
WORK 292
WORK 293
WORK 294
WORK 295
TERM
END
BEGIN
WORK 1
WORK 2
WORK 3
WORK 4
WORK 5
WORK 6
WORK 7
WORK 8
WORK 9
WORK 10
WORK 11
WORK 12
WORK 13
WORK 14
WORK 15
WORK 16
WORK 17
WORK 18
WORK 19
WORK 20
WORK 21
WORK 22
WORK 23
WORK 24
WORK 25
WORK 26
WORK 27
WORK 28
WORK 29
WORK 30
WORK 31
WORK 32
WORK 33
WORK 34
WORK 35
WORK 36
WORK 37
WORK 38
WORK 39
WORK 40
WORK 41
WORK 42
WORK 43
WORK 44
WORK 45
WORK 46
WORK 47
WORK 48
WORK 49
WORK 50
WORK 51
WORK 52
WORK 53
WORK 54
WORK 55
WORK 56
WORK 57
WORK 58
WORK 59
WORK 60
WORK 61
WORK 62
WORK 63
WORK 64
WORK 65
WORK 66
WORK 67
WORK 68
WORK 69
WORK 70
WORK 71
WORK 72
BEGIN
WORK 1
WORK 73
WORK 2
WORK 74
WORK 3
WORK 75
WORK 4
WORK 76
WORK 5
WORK 77
WORK 6
WORK 78
WORK 7
WORK 79
WORK 8
WORK 80
WORK 9
WORK 81
WORK 10
WORK 82
WORK 11
WORK 83
WORK 12
TERM
END
BEGIN
WORK 1
WORK 84
WORK 2
WORK 85
WORK 3
WORK 86
WORK 4
WORK 87
WORK 5
WORK 88
WORK 6
WORK 89
WORK 7
TERM
TERM
END
END
BEGIN
WORK 1
WORK 2
TERM
END
BEGIN
WORK 1
WORK 2
WORK 3
WORK 4
WORK 5
WORK 6
WORK 7
WORK 8
WORK 9
WORK 10
WORK 11
WORK 12
WORK 13
WORK 14
WORK 15
WORK 16
WORK 17
WORK 18
WORK 19
WORK 20
WORK 21
WORK 22
WORK 23
WORK 24
WORK 25
WORK 26
WORK 27
WORK 28
WORK 29
WORK 30
WORK 31
WORK 32
WORK 33
WORK 34
WORK 35
WORK 36
WORK 37
WORK 38
WORK 39
WORK 40
WORK 41
WORK 42
WORK 43
WORK 44
WORK 45
WORK 46
WORK 47
WORK 48
WORK 49
WORK 50
WORK 51
WORK 52
WORK 53
WORK 54
WORK 55
WORK 56
TERM
END
BEGIN
WORK 1
WORK 2
WORK 3
WORK 4
WORK 5
WORK 6
TERM
END
BEGIN
WORK 1
WORK 2
WORK 3
USR2 : Restart !!
WORK 1
WORK 2
WORK 3
WORK 4
WORK 5
WORK 6
WORK 7
WORK 8
WORK 9
WORK 10
WORK 11
WORK 12
WORK 13
WORK 14
WORK 15
WORK 16
WORK 17
WORK 18
TERM
END
BEGIN
WORK 1
WORK 2
WORK 3
WORK 4
USR2 : Reset!!
WORK 1
WORK 2
WORK 3
WORK 4
WORK 5
WORK 6
WORK 7
WORK 8
WORK 9
WORK 10
WORK 11
WORK 12
WORK 13
WORK 14
WORK 15
WORK 16
WORK 17
WORK 18
WORK 19
WORK 20
WORK 21
WORK 22
WORK 23
WORK 24
WORK 25
WORK 26
WORK 27
WORK 28
WORK 29
WORK 30
WORK 31
WORK 32
TERM
END
BEGIN
WORK 1
WORK 2
WORK 3
WORK 4
WORK 5
WORK 6
WORK 7
WORK 8
WORK 9
WORK 10
WORK 11
WORK 12
WORK 13
TERM
END
BEGIN
WORK 1
WORK 2
WORK 3
WORK 4
INT
END
BEGIN
WORK 1
WORK 2
WORK 3
WORK 4
WORK 5
WORK 6
WORK 7
WORK 8
WORK 9
WORK 10
WORK 11
WORK 12
WORK 13
WORK 14
WORK 15
WORK 16
WORK 17
WORK 18
WORK 19
WORK 20
WORK 21
WORK 22
WORK 23
WORK 24
WORK 25
WORK 26
WORK 27
WORK 28
WORK 29
WORK 30
WORK 31
WORK 32
WORK 33
WORK 34
WORK 35
WORK 36
WORK 37
WORK 38
WORK 39
WORK 40
WORK 41
WORK 42
WORK 43
WORK 44
WORK 45
WORK 46
WORK 47
WORK 48
WORK 49
WORK 50
WORK 51
WORK 52
WORK 53
WORK 54
WORK 55
WORK 56
WORK 57
WORK 58
WORK 59
WORK 60
WORK 61
WORK 62
WORK 63
WORK 64
WORK 65
WORK 66
WORK 67
WORK 68
WORK 69
WORK 70
WORK 71
WORK 72
WORK 73
WORK 74
WORK 75
WORK 76
WORK 77
WORK 78
WORK 79
WORK 80
WORK 81
WORK 82
WORK 83
WORK 84
WORK 85
WORK 86
WORK 87
WORK 88
WORK 89
TERM
END
BEGIN
WORK 1
WORK 2
WORK 3
WORK 4
WORK 5
WORK 6
WORK 7
WORK 8
WORK 9
WORK 10
WORK 11
WORK 12
WORK 13
WORK 14
WORK 15
WORK 16
WORK 17
WORK 18
WORK 19
WORK 20
WORK 21
WORK 22
WORK 23
WORK 24
WORK 25
WORK 26
WORK 27
WORK 28
WORK 29
WORK 30
WORK 31
WORK 32
WORK 33
WORK 34
WORK 35
WORK 36
WORK 37
WORK 38
WORK 39
WORK 40
WORK 41
WORK 42
WORK 43
WORK 44
WORK 45
WORK 46
WORK 47
WORK 48
WORK 49
WORK 50
WORK 51
WORK 52
WORK 53
WORK 54
WORK 55
WORK 56
WORK 57
WORK 58
WORK 59
WORK 60
WORK 61
WORK 62
WORK 63
WORK 64
WORK 65
WORK 66
WORK 67
WORK 68
WORK 69
WORK 70
WORK 71
USR2 : Reset!!
WORK 1
WORK 2
WORK 3
WORK 4
WORK 5
WORK 6
WORK 7
WORK 8
WORK 9
WORK 10
WORK 11
WORK 12
WORK 13
TERM
END
BEGIN
WORK 1
WORK 2
WORK 3
WORK 4
WORK 5
WORK 6
WORK 7
WORK 8
WORK 9
WORK 10
WORK 11
WORK 12
WORK 13
WORK 14
WORK 15
WORK 16
WORK 17
WORK 18
WORK 19
WORK 20
WORK 21
WORK 22
WORK 23
TERM
END
BEGIN
WORK 1
WORK 2
WORK 3
WORK 4
WORK 5
WORK 6
WORK 7
TERM
END
BEGIN
WORK 1
WORK 2
WORK 3
WORK 4
WORK 5
WORK 6
WORK 7
WORK 8
WORK 9
WORK 10
WORK 11
WORK 12
WORK 13
TERM
END
BEGIN
WORK 1
WORK 2
WORK 3
WORK 4
WORK 5
WORK 6
WORK 7
WORK 8
WORK 9
WORK 10
WORK 11
WORK 12
WORK 13
WORK 14
WORK 15
WORK 16
WORK 17
WORK 18
WORK 19
WORK 20
WORK 21
WORK 22
WORK 23
WORK 24
WORK 25
WORK 26
WORK 27
WORK 28
WORK 29
WORK 30
WORK 31
WORK 32
WORK 33
WORK 34
WORK 35
WORK 36
WORK 37
WORK 38
WORK 39
WORK 40
WORK 41
WORK 42
WORK 43
WORK 44
WORK 45
WORK 46
WORK 47
WORK 48
WORK 49
WORK 50
WORK 51
WORK 52
WORK 53
WORK 54
WORK 55
WORK 56
WORK 57
BEGIN
WORK 1
WORK 58
WORK 2
BEGIN
WORK 1
WORK 59
WORK 3
WORK 2
WORK 60
WORK 4
WORK 3
WORK 61
WORK 5
WORK 4
WORK 62
WORK 6
WORK 5
WORK 63
WORK 7
WORK 6
WORK 64
WORK 8
TERM
TERM
TERM
END
END
END
BEGIN
WORK 1
BEGIN
WORK 1
WORK 2
WORK 2
WORK 3
WORK 3
WORK 4
TERM
TERM
END
END
BEGIN
WORK 1
BEGIN
WORK 1
WORK 2
WORK 2
WORK 3
WORK 3
WORK 4
WORK 4
WORK 5
WORK 5
WORK 6
WORK 6
WORK 7
WORK 7
WORK 8
WORK 8
WORK 9
WORK 9
WORK 10
WORK 10
WORK 11
WORK 11
WORK 12
WORK 12
WORK 13
WORK 13
WORK 14
WORK 14
WORK 15
TERM
TERM
END
END
BEGIN
WORK 1
WORK 2
WORK 3
WORK 4
WORK 5
WORK 6
WORK 7
WORK 8
WORK 9
WORK 10
WORK 11
WORK 12
WORK 13
WORK 14
WORK 15
WORK 16
WORK 17
WORK 18
WORK 19
WORK 20
WORK 21
WORK 22
WORK 23
WORK 24
WORK 25
WORK 26
WORK 27
WORK 28
WORK 29
WORK 30
WORK 31
WORK 32
WORK 33
WORK 34
WORK 35
WORK 36
WORK 37
WORK 38
WORK 39
WORK 40
WORK 41
TERM
END
